[23-Feb-2014 16:32:17 UTC] PHP Catchable fatal error:  Object of class WP_Error could not be converted to string in /var/www/wp.ourhousing.dev/www/wp-content/plugins/ourhousing/ourhousing.php on line 58
[23-Feb-2014 16:32:17 UTC] PHP Catchable fatal error:  Object of class WP_Error could not be converted to string in /var/www/wp.ourhousing.dev/www/wp-content/plugins/ourhousing/ourhousing.php on line 58
[23-Feb-2014 16:32:17 UTC] PHP Catchable fatal error:  Object of class WP_Error could not be converted to string in /var/www/wp.ourhousing.dev/www/wp-content/plugins/ourhousing/ourhousing.php on line 58
[23-Feb-2014 17:13:53 UTC] PHP Fatal error:  Cannot redeclare class OurHousing_Housing_Associations in /var/www/wp.ourhousing.dev/www/wp-content/plugins/ourhousing/structure/housing-associations.php on line 3
[23-Feb-2014 17:13:53 UTC] PHP Fatal error:  Cannot redeclare class OurHousing_Housing_Associations in /var/www/wp.ourhousing.dev/www/wp-content/plugins/ourhousing/structure/housing-associations.php on line 3
[04-Mar-2014 11:23:16 UTC] PHP Notice:  Undefined index: story in /var/www/wp.ourhousing.dev/www/wp-content/plugins/storyteller/structure/stories.php on line 35
[04-Mar-2014 11:34:21 UTC] PHP Warning:  call_user_func_array() expects parameter 1 to be a valid callback, class 'StoryTeller_Stories' does not have a method 'register_taxonomies' in /var/www/wp.ourhousing.dev/www/wp/wp-includes/plugin.php on line 429
[04-Mar-2014 12:17:02 UTC] PHP Warning:  call_user_func_array() expects parameter 1 to be a valid callback, class 'StoryTeller_Stories' does not have a method 'create_terms' in /var/www/wp.ourhousing.dev/www/wp/wp-includes/plugin.php on line 429
[04-Mar-2014 12:18:06 UTC] PHP Warning:  call_user_func_array() expects parameter 1 to be a valid callback, class 'StoryTeller_Stories' does not have a method 'create_terms' in /var/www/wp.ourhousing.dev/www/wp/wp-includes/plugin.php on line 429
[04-Mar-2014 12:19:07 UTC] PHP Warning:  call_user_func_array() expects parameter 1 to be a valid callback, class 'StoryTeller_Stories' does not have a method 'create_terms' in /var/www/wp.ourhousing.dev/www/wp/wp-includes/plugin.php on line 429
[04-Mar-2014 12:23:07 UTC] PHP Parse error:  syntax error, unexpected '}' in /var/www/wp.ourhousing.dev/www/wp-content/plugins/storyteller/structure/stories.php on line 71
[04-Mar-2014 12:24:38 UTC] PHP Notice:  Undefined variable: term in /var/www/wp.ourhousing.dev/www/wp-content/plugins/storyteller/structure/stories.php on line 70
[04-Mar-2014 12:24:38 UTC] PHP Notice:  Undefined variable: term in /var/www/wp.ourhousing.dev/www/wp-content/plugins/storyteller/structure/stories.php on line 70
[04-Mar-2014 12:24:38 UTC] PHP Notice:  Undefined variable: term in /var/www/wp.ourhousing.dev/www/wp-content/plugins/storyteller/structure/stories.php on line 70
[04-Mar-2014 12:24:38 UTC] PHP Notice:  Undefined variable: term in /var/www/wp.ourhousing.dev/www/wp-content/plugins/storyteller/structure/stories.php on line 70
[04-Mar-2014 12:24:38 UTC] PHP Notice:  Undefined variable: term in /var/www/wp.ourhousing.dev/www/wp-content/plugins/storyteller/structure/stories.php on line 70
[04-Mar-2014 12:24:38 UTC] PHP Notice:  Undefined variable: term in /var/www/wp.ourhousing.dev/www/wp-content/plugins/storyteller/structure/stories.php on line 70
[04-Mar-2014 12:24:38 UTC] PHP Notice:  Undefined variable: term in /var/www/wp.ourhousing.dev/www/wp-content/plugins/storyteller/structure/stories.php on line 70
[04-Mar-2014 12:24:38 UTC] PHP Notice:  Undefined variable: term in /var/www/wp.ourhousing.dev/www/wp-content/plugins/storyteller/structure/stories.php on line 70
[04-Mar-2014 12:24:38 UTC] PHP Notice:  Undefined variable: term in /var/www/wp.ourhousing.dev/www/wp-content/plugins/storyteller/structure/stories.php on line 70
[04-Mar-2014 12:24:38 UTC] PHP Notice:  Undefined variable: term in /var/www/wp.ourhousing.dev/www/wp-content/plugins/storyteller/structure/stories.php on line 70
[04-Mar-2014 12:24:38 UTC] PHP Notice:  Undefined variable: term in /var/www/wp.ourhousing.dev/www/wp-content/plugins/storyteller/structure/stories.php on line 70
[04-Mar-2014 12:24:38 UTC] PHP Notice:  Undefined variable: term in /var/www/wp.ourhousing.dev/www/wp-content/plugins/storyteller/structure/stories.php on line 70
[04-Mar-2014 12:24:39 UTC] PHP Notice:  Undefined variable: term in /var/www/wp.ourhousing.dev/www/wp-content/plugins/storyteller/structure/stories.php on line 70
[04-Mar-2014 12:24:39 UTC] PHP Notice:  Undefined variable: term in /var/www/wp.ourhousing.dev/www/wp-content/plugins/storyteller/structure/stories.php on line 70
[04-Mar-2014 12:24:39 UTC] PHP Notice:  Undefined variable: term in /var/www/wp.ourhousing.dev/www/wp-content/plugins/storyteller/structure/stories.php on line 70
[04-Mar-2014 12:24:39 UTC] PHP Notice:  Undefined variable: term in /var/www/wp.ourhousing.dev/www/wp-content/plugins/storyteller/structure/stories.php on line 70
[04-Mar-2014 12:24:39 UTC] PHP Notice:  Undefined variable: term in /var/www/wp.ourhousing.dev/www/wp-content/plugins/storyteller/structure/stories.php on line 70
[04-Mar-2014 12:24:39 UTC] PHP Notice:  Undefined variable: term in /var/www/wp.ourhousing.dev/www/wp-content/plugins/storyteller/structure/stories.php on line 70
[04-Mar-2014 12:24:39 UTC] PHP Notice:  Undefined variable: term in /var/www/wp.ourhousing.dev/www/wp-content/plugins/storyteller/structure/stories.php on line 70
[04-Mar-2014 12:24:39 UTC] PHP Notice:  Undefined variable: term in /var/www/wp.ourhousing.dev/www/wp-content/plugins/storyteller/structure/stories.php on line 70
[04-Mar-2014 12:24:39 UTC] PHP Notice:  Undefined variable: term in /var/www/wp.ourhousing.dev/www/wp-content/plugins/storyteller/structure/stories.php on line 70
[04-Mar-2014 12:24:39 UTC] PHP Notice:  Undefined variable: term in /var/www/wp.ourhousing.dev/www/wp-content/plugins/storyteller/structure/stories.php on line 70
[04-Mar-2014 12:24:39 UTC] PHP Notice:  Undefined variable: term in /var/www/wp.ourhousing.dev/www/wp-content/plugins/storyteller/structure/stories.php on line 70
[04-Mar-2014 12:24:39 UTC] PHP Notice:  Undefined variable: term in /var/www/wp.ourhousing.dev/www/wp-content/plugins/storyteller/structure/stories.php on line 70
[04-Mar-2014 12:24:40 UTC] PHP Notice:  Undefined variable: term in /var/www/wp.ourhousing.dev/www/wp-content/plugins/storyteller/structure/stories.php on line 70
[04-Mar-2014 12:24:40 UTC] PHP Notice:  Undefined variable: term in /var/www/wp.ourhousing.dev/www/wp-content/plugins/storyteller/structure/stories.php on line 70
[04-Mar-2014 12:24:40 UTC] PHP Notice:  Undefined variable: term in /var/www/wp.ourhousing.dev/www/wp-content/plugins/storyteller/structure/stories.php on line 70
[04-Mar-2014 12:24:40 UTC] PHP Notice:  Undefined variable: term in /var/www/wp.ourhousing.dev/www/wp-content/plugins/storyteller/structure/stories.php on line 70
[04-Mar-2014 12:24:40 UTC] PHP Notice:  Undefined variable: term in /var/www/wp.ourhousing.dev/www/wp-content/plugins/storyteller/structure/stories.php on line 70
[04-Mar-2014 12:24:40 UTC] PHP Notice:  Undefined variable: term in /var/www/wp.ourhousing.dev/www/wp-content/plugins/storyteller/structure/stories.php on line 70
[04-Mar-2014 12:24:40 UTC] PHP Notice:  Undefined variable: term in /var/www/wp.ourhousing.dev/www/wp-content/plugins/storyteller/structure/stories.php on line 70
[04-Mar-2014 12:24:40 UTC] PHP Notice:  Undefined variable: term in /var/www/wp.ourhousing.dev/www/wp-content/plugins/storyteller/structure/stories.php on line 70
[04-Mar-2014 12:24:40 UTC] PHP Notice:  Undefined variable: term in /var/www/wp.ourhousing.dev/www/wp-content/plugins/storyteller/structure/stories.php on line 70
[04-Mar-2014 12:24:40 UTC] PHP Notice:  Undefined variable: term in /var/www/wp.ourhousing.dev/www/wp-content/plugins/storyteller/structure/stories.php on line 70
[04-Mar-2014 12:24:40 UTC] PHP Notice:  Undefined variable: term in /var/www/wp.ourhousing.dev/www/wp-content/plugins/storyteller/structure/stories.php on line 70
[04-Mar-2014 12:24:40 UTC] PHP Notice:  Undefined variable: term in /var/www/wp.ourhousing.dev/www/wp-content/plugins/storyteller/structure/stories.php on line 70
[04-Mar-2014 12:25:13 UTC] PHP Notice:  Undefined property: Extended_Taxonomy_Admin::$tax_singular in /var/www/wp.ourhousing.dev/www/wp-content/plugins/ExtendedTaxos/extended-taxos.php on line 569
[04-Mar-2014 12:25:13 UTC] PHP Notice:  Undefined property: Extended_Taxonomy_Admin::$tax_singular in /var/www/wp.ourhousing.dev/www/wp-content/plugins/ExtendedTaxos/extended-taxos.php on line 570
[04-Mar-2014 12:25:13 UTC] PHP Notice:  Undefined property: Extended_Taxonomy_Admin::$tax_singular in /var/www/wp.ourhousing.dev/www/wp-content/plugins/ExtendedTaxos/extended-taxos.php on line 571
[04-Mar-2014 12:25:13 UTC] PHP Notice:  Undefined property: Extended_Taxonomy_Admin::$tax_singular in /var/www/wp.ourhousing.dev/www/wp-content/plugins/ExtendedTaxos/extended-taxos.php on line 572
[04-Mar-2014 12:25:13 UTC] PHP Notice:  Undefined property: Extended_Taxonomy_Admin::$tax_singular in /var/www/wp.ourhousing.dev/www/wp-content/plugins/ExtendedTaxos/extended-taxos.php on line 573
[04-Mar-2014 12:25:13 UTC] PHP Notice:  Undefined property: Extended_Taxonomy_Admin::$tax_plural in /var/www/wp.ourhousing.dev/www/wp-content/plugins/ExtendedTaxos/extended-taxos.php on line 574
[04-Mar-2014 12:25:13 UTC] PHP Notice:  Undefined property: Extended_Taxonomy_Admin::$tax_singular in /var/www/wp.ourhousing.dev/www/wp-content/plugins/ExtendedTaxos/extended-taxos.php on line 569
[04-Mar-2014 12:25:13 UTC] PHP Notice:  Undefined property: Extended_Taxonomy_Admin::$tax_singular in /var/www/wp.ourhousing.dev/www/wp-content/plugins/ExtendedTaxos/extended-taxos.php on line 570
[04-Mar-2014 12:25:13 UTC] PHP Notice:  Undefined property: Extended_Taxonomy_Admin::$tax_singular in /var/www/wp.ourhousing.dev/www/wp-content/plugins/ExtendedTaxos/extended-taxos.php on line 571
[04-Mar-2014 12:25:13 UTC] PHP Notice:  Undefined property: Extended_Taxonomy_Admin::$tax_singular in /var/www/wp.ourhousing.dev/www/wp-content/plugins/ExtendedTaxos/extended-taxos.php on line 572
[04-Mar-2014 12:25:13 UTC] PHP Notice:  Undefined property: Extended_Taxonomy_Admin::$tax_singular in /var/www/wp.ourhousing.dev/www/wp-content/plugins/ExtendedTaxos/extended-taxos.php on line 573
[04-Mar-2014 12:25:13 UTC] PHP Notice:  Undefined property: Extended_Taxonomy_Admin::$tax_plural in /var/www/wp.ourhousing.dev/www/wp-content/plugins/ExtendedTaxos/extended-taxos.php on line 574
[04-Mar-2014 12:25:13 UTC] PHP Notice:  Undefined property: Extended_Taxonomy_Admin::$tax_singular in /var/www/wp.ourhousing.dev/www/wp-content/plugins/ExtendedTaxos/extended-taxos.php on line 569
[04-Mar-2014 12:25:13 UTC] PHP Notice:  Undefined property: Extended_Taxonomy_Admin::$tax_singular in /var/www/wp.ourhousing.dev/www/wp-content/plugins/ExtendedTaxos/extended-taxos.php on line 570
[04-Mar-2014 12:25:13 UTC] PHP Notice:  Undefined property: Extended_Taxonomy_Admin::$tax_singular in /var/www/wp.ourhousing.dev/www/wp-content/plugins/ExtendedTaxos/extended-taxos.php on line 571
[04-Mar-2014 12:25:13 UTC] PHP Notice:  Undefined property: Extended_Taxonomy_Admin::$tax_singular in /var/www/wp.ourhousing.dev/www/wp-content/plugins/ExtendedTaxos/extended-taxos.php on line 572
[04-Mar-2014 12:25:13 UTC] PHP Notice:  Undefined property: Extended_Taxonomy_Admin::$tax_singular in /var/www/wp.ourhousing.dev/www/wp-content/plugins/ExtendedTaxos/extended-taxos.php on line 573
[04-Mar-2014 12:25:13 UTC] PHP Notice:  Undefined property: Extended_Taxonomy_Admin::$tax_plural in /var/www/wp.ourhousing.dev/www/wp-content/plugins/ExtendedTaxos/extended-taxos.php on line 574
[04-Mar-2014 12:25:22 UTC] PHP Notice:  Undefined property: Extended_Taxonomy_Admin::$tax_singular in /var/www/wp.ourhousing.dev/www/wp-content/plugins/ExtendedTaxos/extended-taxos.php on line 569
[04-Mar-2014 12:25:22 UTC] PHP Notice:  Undefined property: Extended_Taxonomy_Admin::$tax_singular in /var/www/wp.ourhousing.dev/www/wp-content/plugins/ExtendedTaxos/extended-taxos.php on line 570
[04-Mar-2014 12:25:22 UTC] PHP Notice:  Undefined property: Extended_Taxonomy_Admin::$tax_singular in /var/www/wp.ourhousing.dev/www/wp-content/plugins/ExtendedTaxos/extended-taxos.php on line 571
[04-Mar-2014 12:25:22 UTC] PHP Notice:  Undefined property: Extended_Taxonomy_Admin::$tax_singular in /var/www/wp.ourhousing.dev/www/wp-content/plugins/ExtendedTaxos/extended-taxos.php on line 572
[04-Mar-2014 12:25:22 UTC] PHP Notice:  Undefined property: Extended_Taxonomy_Admin::$tax_singular in /var/www/wp.ourhousing.dev/www/wp-content/plugins/ExtendedTaxos/extended-taxos.php on line 573
[04-Mar-2014 12:25:22 UTC] PHP Notice:  Undefined property: Extended_Taxonomy_Admin::$tax_plural in /var/www/wp.ourhousing.dev/www/wp-content/plugins/ExtendedTaxos/extended-taxos.php on line 574
[04-Mar-2014 12:25:22 UTC] PHP Notice:  Undefined property: Extended_Taxonomy_Admin::$tax_singular in /var/www/wp.ourhousing.dev/www/wp-content/plugins/ExtendedTaxos/extended-taxos.php on line 569
[04-Mar-2014 12:25:22 UTC] PHP Notice:  Undefined property: Extended_Taxonomy_Admin::$tax_singular in /var/www/wp.ourhousing.dev/www/wp-content/plugins/ExtendedTaxos/extended-taxos.php on line 570
[04-Mar-2014 12:25:22 UTC] PHP Notice:  Undefined property: Extended_Taxonomy_Admin::$tax_singular in /var/www/wp.ourhousing.dev/www/wp-content/plugins/ExtendedTaxos/extended-taxos.php on line 571
[04-Mar-2014 12:25:22 UTC] PHP Notice:  Undefined property: Extended_Taxonomy_Admin::$tax_singular in /var/www/wp.ourhousing.dev/www/wp-content/plugins/ExtendedTaxos/extended-taxos.php on line 572
[04-Mar-2014 12:25:22 UTC] PHP Notice:  Undefined property: Extended_Taxonomy_Admin::$tax_singular in /var/www/wp.ourhousing.dev/www/wp-content/plugins/ExtendedTaxos/extended-taxos.php on line 573
[04-Mar-2014 12:25:22 UTC] PHP Notice:  Undefined property: Extended_Taxonomy_Admin::$tax_plural in /var/www/wp.ourhousing.dev/www/wp-content/plugins/ExtendedTaxos/extended-taxos.php on line 574
[04-Mar-2014 12:25:22 UTC] PHP Notice:  Undefined property: Extended_Taxonomy_Admin::$tax_singular in /var/www/wp.ourhousing.dev/www/wp-content/plugins/ExtendedTaxos/extended-taxos.php on line 569
[04-Mar-2014 12:25:22 UTC] PHP Notice:  Undefined property: Extended_Taxonomy_Admin::$tax_singular in /var/www/wp.ourhousing.dev/www/wp-content/plugins/ExtendedTaxos/extended-taxos.php on line 570
[04-Mar-2014 12:25:22 UTC] PHP Notice:  Undefined property: Extended_Taxonomy_Admin::$tax_singular in /var/www/wp.ourhousing.dev/www/wp-content/plugins/ExtendedTaxos/extended-taxos.php on line 571
[04-Mar-2014 12:25:22 UTC] PHP Notice:  Undefined property: Extended_Taxonomy_Admin::$tax_singular in /var/www/wp.ourhousing.dev/www/wp-content/plugins/ExtendedTaxos/extended-taxos.php on line 572
[04-Mar-2014 12:25:22 UTC] PHP Notice:  Undefined property: Extended_Taxonomy_Admin::$tax_singular in /var/www/wp.ourhousing.dev/www/wp-content/plugins/ExtendedTaxos/extended-taxos.php on line 573
[04-Mar-2014 12:25:22 UTC] PHP Notice:  Undefined property: Extended_Taxonomy_Admin::$tax_plural in /var/www/wp.ourhousing.dev/www/wp-content/plugins/ExtendedTaxos/extended-taxos.php on line 574
[04-Mar-2014 12:25:32 UTC] PHP Notice:  Undefined property: Extended_Taxonomy_Admin::$tax_singular in /var/www/wp.ourhousing.dev/www/wp-content/plugins/ExtendedTaxos/extended-taxos.php on line 569
[04-Mar-2014 12:25:32 UTC] PHP Notice:  Undefined property: Extended_Taxonomy_Admin::$tax_singular in /var/www/wp.ourhousing.dev/www/wp-content/plugins/ExtendedTaxos/extended-taxos.php on line 570
[04-Mar-2014 12:25:32 UTC] PHP Notice:  Undefined property: Extended_Taxonomy_Admin::$tax_singular in /var/www/wp.ourhousing.dev/www/wp-content/plugins/ExtendedTaxos/extended-taxos.php on line 571
[04-Mar-2014 12:25:32 UTC] PHP Notice:  Undefined property: Extended_Taxonomy_Admin::$tax_singular in /var/www/wp.ourhousing.dev/www/wp-content/plugins/ExtendedTaxos/extended-taxos.php on line 572
[04-Mar-2014 12:25:32 UTC] PHP Notice:  Undefined property: Extended_Taxonomy_Admin::$tax_singular in /var/www/wp.ourhousing.dev/www/wp-content/plugins/ExtendedTaxos/extended-taxos.php on line 573
[04-Mar-2014 12:25:32 UTC] PHP Notice:  Undefined property: Extended_Taxonomy_Admin::$tax_plural in /var/www/wp.ourhousing.dev/www/wp-content/plugins/ExtendedTaxos/extended-taxos.php on line 574
[04-Mar-2014 12:25:32 UTC] PHP Notice:  Undefined property: Extended_Taxonomy_Admin::$tax_singular in /var/www/wp.ourhousing.dev/www/wp-content/plugins/ExtendedTaxos/extended-taxos.php on line 569
[04-Mar-2014 12:25:32 UTC] PHP Notice:  Undefined property: Extended_Taxonomy_Admin::$tax_singular in /var/www/wp.ourhousing.dev/www/wp-content/plugins/ExtendedTaxos/extended-taxos.php on line 570
[04-Mar-2014 12:25:32 UTC] PHP Notice:  Undefined property: Extended_Taxonomy_Admin::$tax_singular in /var/www/wp.ourhousing.dev/www/wp-content/plugins/ExtendedTaxos/extended-taxos.php on line 571
[04-Mar-2014 12:25:32 UTC] PHP Notice:  Undefined property: Extended_Taxonomy_Admin::$tax_singular in /var/www/wp.ourhousing.dev/www/wp-content/plugins/ExtendedTaxos/extended-taxos.php on line 572
[04-Mar-2014 12:25:32 UTC] PHP Notice:  Undefined property: Extended_Taxonomy_Admin::$tax_singular in /var/www/wp.ourhousing.dev/www/wp-content/plugins/ExtendedTaxos/extended-taxos.php on line 573
[04-Mar-2014 12:25:32 UTC] PHP Notice:  Undefined property: Extended_Taxonomy_Admin::$tax_plural in /var/www/wp.ourhousing.dev/www/wp-content/plugins/ExtendedTaxos/extended-taxos.php on line 574
[04-Mar-2014 12:25:32 UTC] PHP Notice:  Undefined property: Extended_Taxonomy_Admin::$tax_singular in /var/www/wp.ourhousing.dev/www/wp-content/plugins/ExtendedTaxos/extended-taxos.php on line 569
[04-Mar-2014 12:25:32 UTC] PHP Notice:  Undefined property: Extended_Taxonomy_Admin::$tax_singular in /var/www/wp.ourhousing.dev/www/wp-content/plugins/ExtendedTaxos/extended-taxos.php on line 570
[04-Mar-2014 12:25:32 UTC] PHP Notice:  Undefined property: Extended_Taxonomy_Admin::$tax_singular in /var/www/wp.ourhousing.dev/www/wp-content/plugins/ExtendedTaxos/extended-taxos.php on line 571
[04-Mar-2014 12:25:32 UTC] PHP Notice:  Undefined property: Extended_Taxonomy_Admin::$tax_singular in /var/www/wp.ourhousing.dev/www/wp-content/plugins/ExtendedTaxos/extended-taxos.php on line 572
[04-Mar-2014 12:25:32 UTC] PHP Notice:  Undefined property: Extended_Taxonomy_Admin::$tax_singular in /var/www/wp.ourhousing.dev/www/wp-content/plugins/ExtendedTaxos/extended-taxos.php on line 573
[04-Mar-2014 12:25:32 UTC] PHP Notice:  Undefined property: Extended_Taxonomy_Admin::$tax_plural in /var/www/wp.ourhousing.dev/www/wp-content/plugins/ExtendedTaxos/extended-taxos.php on line 574
[04-Mar-2014 12:43:56 UTC] PHP Notice:  Undefined property: Extended_Taxonomy_Admin::$tax_singular in /var/www/wp.ourhousing.dev/www/wp-content/plugins/ExtendedTaxos/extended-taxos.php on line 569
[04-Mar-2014 12:43:56 UTC] PHP Notice:  Undefined property: Extended_Taxonomy_Admin::$tax_singular in /var/www/wp.ourhousing.dev/www/wp-content/plugins/ExtendedTaxos/extended-taxos.php on line 570
[04-Mar-2014 12:43:56 UTC] PHP Notice:  Undefined property: Extended_Taxonomy_Admin::$tax_singular in /var/www/wp.ourhousing.dev/www/wp-content/plugins/ExtendedTaxos/extended-taxos.php on line 571
[04-Mar-2014 12:43:56 UTC] PHP Notice:  Undefined property: Extended_Taxonomy_Admin::$tax_singular in /var/www/wp.ourhousing.dev/www/wp-content/plugins/ExtendedTaxos/extended-taxos.php on line 572
[04-Mar-2014 12:43:56 UTC] PHP Notice:  Undefined property: Extended_Taxonomy_Admin::$tax_singular in /var/www/wp.ourhousing.dev/www/wp-content/plugins/ExtendedTaxos/extended-taxos.php on line 573
[04-Mar-2014 12:43:56 UTC] PHP Notice:  Undefined property: Extended_Taxonomy_Admin::$tax_plural in /var/www/wp.ourhousing.dev/www/wp-content/plugins/ExtendedTaxos/extended-taxos.php on line 574
[04-Mar-2014 12:43:56 UTC] PHP Notice:  Undefined property: Extended_Taxonomy_Admin::$tax_singular in /var/www/wp.ourhousing.dev/www/wp-content/plugins/ExtendedTaxos/extended-taxos.php on line 569
[04-Mar-2014 12:43:56 UTC] PHP Notice:  Undefined property: Extended_Taxonomy_Admin::$tax_singular in /var/www/wp.ourhousing.dev/www/wp-content/plugins/ExtendedTaxos/extended-taxos.php on line 570
[04-Mar-2014 12:43:56 UTC] PHP Notice:  Undefined property: Extended_Taxonomy_Admin::$tax_singular in /var/www/wp.ourhousing.dev/www/wp-content/plugins/ExtendedTaxos/extended-taxos.php on line 571
[04-Mar-2014 12:43:56 UTC] PHP Notice:  Undefined property: Extended_Taxonomy_Admin::$tax_singular in /var/www/wp.ourhousing.dev/www/wp-content/plugins/ExtendedTaxos/extended-taxos.php on line 572
[04-Mar-2014 12:43:56 UTC] PHP Notice:  Undefined property: Extended_Taxonomy_Admin::$tax_singular in /var/www/wp.ourhousing.dev/www/wp-content/plugins/ExtendedTaxos/extended-taxos.php on line 573
[04-Mar-2014 12:43:56 UTC] PHP Notice:  Undefined property: Extended_Taxonomy_Admin::$tax_plural in /var/www/wp.ourhousing.dev/www/wp-content/plugins/ExtendedTaxos/extended-taxos.php on line 574
[04-Mar-2014 12:43:56 UTC] PHP Notice:  Undefined property: Extended_Taxonomy_Admin::$tax_singular in /var/www/wp.ourhousing.dev/www/wp-content/plugins/ExtendedTaxos/extended-taxos.php on line 569
[04-Mar-2014 12:43:56 UTC] PHP Notice:  Undefined property: Extended_Taxonomy_Admin::$tax_singular in /var/www/wp.ourhousing.dev/www/wp-content/plugins/ExtendedTaxos/extended-taxos.php on line 570
[04-Mar-2014 12:43:56 UTC] PHP Notice:  Undefined property: Extended_Taxonomy_Admin::$tax_singular in /var/www/wp.ourhousing.dev/www/wp-content/plugins/ExtendedTaxos/extended-taxos.php on line 571
[04-Mar-2014 12:43:56 UTC] PHP Notice:  Undefined property: Extended_Taxonomy_Admin::$tax_singular in /var/www/wp.ourhousing.dev/www/wp-content/plugins/ExtendedTaxos/extended-taxos.php on line 572
[04-Mar-2014 12:43:56 UTC] PHP Notice:  Undefined property: Extended_Taxonomy_Admin::$tax_singular in /var/www/wp.ourhousing.dev/www/wp-content/plugins/ExtendedTaxos/extended-taxos.php on line 573
[04-Mar-2014 12:43:56 UTC] PHP Notice:  Undefined property: Extended_Taxonomy_Admin::$tax_plural in /var/www/wp.ourhousing.dev/www/wp-content/plugins/ExtendedTaxos/extended-taxos.php on line 574
[04-Mar-2014 12:43:56 UTC] PHP Notice:  Undefined property: Extended_Taxonomy_Admin::$tax_singular in /var/www/wp.ourhousing.dev/www/wp-content/plugins/ExtendedTaxos/extended-taxos.php on line 569
[04-Mar-2014 12:43:56 UTC] PHP Notice:  Undefined property: Extended_Taxonomy_Admin::$tax_singular in /var/www/wp.ourhousing.dev/www/wp-content/plugins/ExtendedTaxos/extended-taxos.php on line 570
[04-Mar-2014 12:43:56 UTC] PHP Notice:  Undefined property: Extended_Taxonomy_Admin::$tax_singular in /var/www/wp.ourhousing.dev/www/wp-content/plugins/ExtendedTaxos/extended-taxos.php on line 571
[04-Mar-2014 12:43:56 UTC] PHP Notice:  Undefined property: Extended_Taxonomy_Admin::$tax_singular in /var/www/wp.ourhousing.dev/www/wp-content/plugins/ExtendedTaxos/extended-taxos.php on line 572
[04-Mar-2014 12:43:56 UTC] PHP Notice:  Undefined property: Extended_Taxonomy_Admin::$tax_singular in /var/www/wp.ourhousing.dev/www/wp-content/plugins/ExtendedTaxos/extended-taxos.php on line 573
[04-Mar-2014 12:43:56 UTC] PHP Notice:  Undefined property: Extended_Taxonomy_Admin::$tax_plural in /var/www/wp.ourhousing.dev/www/wp-content/plugins/ExtendedTaxos/extended-taxos.php on line 574
[04-Mar-2014 12:43:56 UTC] PHP Notice:  Undefined property: Extended_Taxonomy_Admin::$tax_singular in /var/www/wp.ourhousing.dev/www/wp-content/plugins/ExtendedTaxos/extended-taxos.php on line 569
[04-Mar-2014 12:43:56 UTC] PHP Notice:  Undefined property: Extended_Taxonomy_Admin::$tax_singular in /var/www/wp.ourhousing.dev/www/wp-content/plugins/ExtendedTaxos/extended-taxos.php on line 570
[04-Mar-2014 12:43:56 UTC] PHP Notice:  Undefined property: Extended_Taxonomy_Admin::$tax_singular in /var/www/wp.ourhousing.dev/www/wp-content/plugins/ExtendedTaxos/extended-taxos.php on line 571
[04-Mar-2014 12:43:56 UTC] PHP Notice:  Undefined property: Extended_Taxonomy_Admin::$tax_singular in /var/www/wp.ourhousing.dev/www/wp-content/plugins/ExtendedTaxos/extended-taxos.php on line 572
[04-Mar-2014 12:43:56 UTC] PHP Notice:  Undefined property: Extended_Taxonomy_Admin::$tax_singular in /var/www/wp.ourhousing.dev/www/wp-content/plugins/ExtendedTaxos/extended-taxos.php on line 573
[04-Mar-2014 12:43:56 UTC] PHP Notice:  Undefined property: Extended_Taxonomy_Admin::$tax_plural in /var/www/wp.ourhousing.dev/www/wp-content/plugins/ExtendedTaxos/extended-taxos.php on line 574
[04-Mar-2014 12:43:56 UTC] PHP Notice:  Undefined property: Extended_Taxonomy_Admin::$tax_singular in /var/www/wp.ourhousing.dev/www/wp-content/plugins/ExtendedTaxos/extended-taxos.php on line 569
[04-Mar-2014 12:43:56 UTC] PHP Notice:  Undefined property: Extended_Taxonomy_Admin::$tax_singular in /var/www/wp.ourhousing.dev/www/wp-content/plugins/ExtendedTaxos/extended-taxos.php on line 570
[04-Mar-2014 12:43:56 UTC] PHP Notice:  Undefined property: Extended_Taxonomy_Admin::$tax_singular in /var/www/wp.ourhousing.dev/www/wp-content/plugins/ExtendedTaxos/extended-taxos.php on line 571
[04-Mar-2014 12:43:56 UTC] PHP Notice:  Undefined property: Extended_Taxonomy_Admin::$tax_singular in /var/www/wp.ourhousing.dev/www/wp-content/plugins/ExtendedTaxos/extended-taxos.php on line 572
[04-Mar-2014 12:43:56 UTC] PHP Notice:  Undefined property: Extended_Taxonomy_Admin::$tax_singular in /var/www/wp.ourhousing.dev/www/wp-content/plugins/ExtendedTaxos/extended-taxos.php on line 573
[04-Mar-2014 12:43:56 UTC] PHP Notice:  Undefined property: Extended_Taxonomy_Admin::$tax_plural in /var/www/wp.ourhousing.dev/www/wp-content/plugins/ExtendedTaxos/extended-taxos.php on line 574
[04-Mar-2014 12:43:56 UTC] PHP Notice:  Undefined property: Extended_Taxonomy_Admin::$tax_singular in /var/www/wp.ourhousing.dev/www/wp-content/plugins/ExtendedTaxos/extended-taxos.php on line 569
[04-Mar-2014 12:43:56 UTC] PHP Notice:  Undefined property: Extended_Taxonomy_Admin::$tax_singular in /var/www/wp.ourhousing.dev/www/wp-content/plugins/ExtendedTaxos/extended-taxos.php on line 570
[04-Mar-2014 12:43:56 UTC] PHP Notice:  Undefined property: Extended_Taxonomy_Admin::$tax_singular in /var/www/wp.ourhousing.dev/www/wp-content/plugins/ExtendedTaxos/extended-taxos.php on line 571
[04-Mar-2014 12:43:56 UTC] PHP Notice:  Undefined property: Extended_Taxonomy_Admin::$tax_singular in /var/www/wp.ourhousing.dev/www/wp-content/plugins/ExtendedTaxos/extended-taxos.php on line 572
[04-Mar-2014 12:43:56 UTC] PHP Notice:  Undefined property: Extended_Taxonomy_Admin::$tax_singular in /var/www/wp.ourhousing.dev/www/wp-content/plugins/ExtendedTaxos/extended-taxos.php on line 573
[04-Mar-2014 12:43:56 UTC] PHP Notice:  Undefined property: Extended_Taxonomy_Admin::$tax_plural in /var/www/wp.ourhousing.dev/www/wp-content/plugins/ExtendedTaxos/extended-taxos.php on line 574
[04-Mar-2014 12:44:40 UTC] PHP Notice:  Undefined property: Extended_Taxonomy_Admin::$tax_singular in /var/www/wp.ourhousing.dev/www/wp-content/plugins/ExtendedTaxos/extended-taxos.php on line 569
[04-Mar-2014 12:44:40 UTC] PHP Notice:  Undefined property: Extended_Taxonomy_Admin::$tax_singular in /var/www/wp.ourhousing.dev/www/wp-content/plugins/ExtendedTaxos/extended-taxos.php on line 570
[04-Mar-2014 12:44:40 UTC] PHP Notice:  Undefined property: Extended_Taxonomy_Admin::$tax_singular in /var/www/wp.ourhousing.dev/www/wp-content/plugins/ExtendedTaxos/extended-taxos.php on line 571
[04-Mar-2014 12:44:40 UTC] PHP Notice:  Undefined property: Extended_Taxonomy_Admin::$tax_singular in /var/www/wp.ourhousing.dev/www/wp-content/plugins/ExtendedTaxos/extended-taxos.php on line 572
[04-Mar-2014 12:44:40 UTC] PHP Notice:  Undefined property: Extended_Taxonomy_Admin::$tax_singular in /var/www/wp.ourhousing.dev/www/wp-content/plugins/ExtendedTaxos/extended-taxos.php on line 573
[04-Mar-2014 12:44:40 UTC] PHP Notice:  Undefined property: Extended_Taxonomy_Admin::$tax_plural in /var/www/wp.ourhousing.dev/www/wp-content/plugins/ExtendedTaxos/extended-taxos.php on line 574
[04-Mar-2014 12:44:40 UTC] PHP Notice:  Undefined property: Extended_Taxonomy_Admin::$tax_singular in /var/www/wp.ourhousing.dev/www/wp-content/plugins/ExtendedTaxos/extended-taxos.php on line 569
[04-Mar-2014 12:44:40 UTC] PHP Notice:  Undefined property: Extended_Taxonomy_Admin::$tax_singular in /var/www/wp.ourhousing.dev/www/wp-content/plugins/ExtendedTaxos/extended-taxos.php on line 570
[04-Mar-2014 12:44:40 UTC] PHP Notice:  Undefined property: Extended_Taxonomy_Admin::$tax_singular in /var/www/wp.ourhousing.dev/www/wp-content/plugins/ExtendedTaxos/extended-taxos.php on line 571
[04-Mar-2014 12:44:40 UTC] PHP Notice:  Undefined property: Extended_Taxonomy_Admin::$tax_singular in /var/www/wp.ourhousing.dev/www/wp-content/plugins/ExtendedTaxos/extended-taxos.php on line 572
[04-Mar-2014 12:44:40 UTC] PHP Notice:  Undefined property: Extended_Taxonomy_Admin::$tax_singular in /var/www/wp.ourhousing.dev/www/wp-content/plugins/ExtendedTaxos/extended-taxos.php on line 573
[04-Mar-2014 12:44:40 UTC] PHP Notice:  Undefined property: Extended_Taxonomy_Admin::$tax_plural in /var/www/wp.ourhousing.dev/www/wp-content/plugins/ExtendedTaxos/extended-taxos.php on line 574
[04-Mar-2014 12:44:40 UTC] PHP Notice:  Undefined property: Extended_Taxonomy_Admin::$tax_singular in /var/www/wp.ourhousing.dev/www/wp-content/plugins/ExtendedTaxos/extended-taxos.php on line 569
[04-Mar-2014 12:44:40 UTC] PHP Notice:  Undefined property: Extended_Taxonomy_Admin::$tax_singular in /var/www/wp.ourhousing.dev/www/wp-content/plugins/ExtendedTaxos/extended-taxos.php on line 570
[04-Mar-2014 12:44:40 UTC] PHP Notice:  Undefined property: Extended_Taxonomy_Admin::$tax_singular in /var/www/wp.ourhousing.dev/www/wp-content/plugins/ExtendedTaxos/extended-taxos.php on line 571
[04-Mar-2014 12:44:40 UTC] PHP Notice:  Undefined property: Extended_Taxonomy_Admin::$tax_singular in /var/www/wp.ourhousing.dev/www/wp-content/plugins/ExtendedTaxos/extended-taxos.php on line 572
[04-Mar-2014 12:44:40 UTC] PHP Notice:  Undefined property: Extended_Taxonomy_Admin::$tax_singular in /var/www/wp.ourhousing.dev/www/wp-content/plugins/ExtendedTaxos/extended-taxos.php on line 573
[04-Mar-2014 12:44:40 UTC] PHP Notice:  Undefined property: Extended_Taxonomy_Admin::$tax_plural in /var/www/wp.ourhousing.dev/www/wp-content/plugins/ExtendedTaxos/extended-taxos.php on line 574
[04-Mar-2014 12:44:40 UTC] PHP Notice:  Undefined property: Extended_Taxonomy_Admin::$tax_singular in /var/www/wp.ourhousing.dev/www/wp-content/plugins/ExtendedTaxos/extended-taxos.php on line 569
[04-Mar-2014 12:44:40 UTC] PHP Notice:  Undefined property: Extended_Taxonomy_Admin::$tax_singular in /var/www/wp.ourhousing.dev/www/wp-content/plugins/ExtendedTaxos/extended-taxos.php on line 570
[04-Mar-2014 12:44:40 UTC] PHP Notice:  Undefined property: Extended_Taxonomy_Admin::$tax_singular in /var/www/wp.ourhousing.dev/www/wp-content/plugins/ExtendedTaxos/extended-taxos.php on line 571
[04-Mar-2014 12:44:40 UTC] PHP Notice:  Undefined property: Extended_Taxonomy_Admin::$tax_singular in /var/www/wp.ourhousing.dev/www/wp-content/plugins/ExtendedTaxos/extended-taxos.php on line 572
[04-Mar-2014 12:44:40 UTC] PHP Notice:  Undefined property: Extended_Taxonomy_Admin::$tax_singular in /var/www/wp.ourhousing.dev/www/wp-content/plugins/ExtendedTaxos/extended-taxos.php on line 573
[04-Mar-2014 12:44:40 UTC] PHP Notice:  Undefined property: Extended_Taxonomy_Admin::$tax_plural in /var/www/wp.ourhousing.dev/www/wp-content/plugins/ExtendedTaxos/extended-taxos.php on line 574
[04-Mar-2014 12:44:40 UTC] PHP Notice:  Undefined property: Extended_Taxonomy_Admin::$tax_singular in /var/www/wp.ourhousing.dev/www/wp-content/plugins/ExtendedTaxos/extended-taxos.php on line 569
[04-Mar-2014 12:44:40 UTC] PHP Notice:  Undefined property: Extended_Taxonomy_Admin::$tax_singular in /var/www/wp.ourhousing.dev/www/wp-content/plugins/ExtendedTaxos/extended-taxos.php on line 570
[04-Mar-2014 12:44:40 UTC] PHP Notice:  Undefined property: Extended_Taxonomy_Admin::$tax_singular in /var/www/wp.ourhousing.dev/www/wp-content/plugins/ExtendedTaxos/extended-taxos.php on line 571
[04-Mar-2014 12:44:40 UTC] PHP Notice:  Undefined property: Extended_Taxonomy_Admin::$tax_singular in /var/www/wp.ourhousing.dev/www/wp-content/plugins/ExtendedTaxos/extended-taxos.php on line 572
[04-Mar-2014 12:44:40 UTC] PHP Notice:  Undefined property: Extended_Taxonomy_Admin::$tax_singular in /var/www/wp.ourhousing.dev/www/wp-content/plugins/ExtendedTaxos/extended-taxos.php on line 573
[04-Mar-2014 12:44:40 UTC] PHP Notice:  Undefined property: Extended_Taxonomy_Admin::$tax_plural in /var/www/wp.ourhousing.dev/www/wp-content/plugins/ExtendedTaxos/extended-taxos.php on line 574
[04-Mar-2014 12:44:40 UTC] PHP Notice:  Undefined property: Extended_Taxonomy_Admin::$tax_singular in /var/www/wp.ourhousing.dev/www/wp-content/plugins/ExtendedTaxos/extended-taxos.php on line 569
[04-Mar-2014 12:44:40 UTC] PHP Notice:  Undefined property: Extended_Taxonomy_Admin::$tax_singular in /var/www/wp.ourhousing.dev/www/wp-content/plugins/ExtendedTaxos/extended-taxos.php on line 570
[04-Mar-2014 12:44:40 UTC] PHP Notice:  Undefined property: Extended_Taxonomy_Admin::$tax_singular in /var/www/wp.ourhousing.dev/www/wp-content/plugins/ExtendedTaxos/extended-taxos.php on line 571
[04-Mar-2014 12:44:40 UTC] PHP Notice:  Undefined property: Extended_Taxonomy_Admin::$tax_singular in /var/www/wp.ourhousing.dev/www/wp-content/plugins/ExtendedTaxos/extended-taxos.php on line 572
[04-Mar-2014 12:44:40 UTC] PHP Notice:  Undefined property: Extended_Taxonomy_Admin::$tax_singular in /var/www/wp.ourhousing.dev/www/wp-content/plugins/ExtendedTaxos/extended-taxos.php on line 573
[04-Mar-2014 12:44:40 UTC] PHP Notice:  Undefined property: Extended_Taxonomy_Admin::$tax_plural in /var/www/wp.ourhousing.dev/www/wp-content/plugins/ExtendedTaxos/extended-taxos.php on line 574
[04-Mar-2014 12:44:40 UTC] PHP Notice:  Undefined property: Extended_Taxonomy_Admin::$tax_singular in /var/www/wp.ourhousing.dev/www/wp-content/plugins/ExtendedTaxos/extended-taxos.php on line 569
[04-Mar-2014 12:44:40 UTC] PHP Notice:  Undefined property: Extended_Taxonomy_Admin::$tax_singular in /var/www/wp.ourhousing.dev/www/wp-content/plugins/ExtendedTaxos/extended-taxos.php on line 570
[04-Mar-2014 12:44:40 UTC] PHP Notice:  Undefined property: Extended_Taxonomy_Admin::$tax_singular in /var/www/wp.ourhousing.dev/www/wp-content/plugins/ExtendedTaxos/extended-taxos.php on line 571
[04-Mar-2014 12:44:40 UTC] PHP Notice:  Undefined property: Extended_Taxonomy_Admin::$tax_singular in /var/www/wp.ourhousing.dev/www/wp-content/plugins/ExtendedTaxos/extended-taxos.php on line 572
[04-Mar-2014 12:44:40 UTC] PHP Notice:  Undefined property: Extended_Taxonomy_Admin::$tax_singular in /var/www/wp.ourhousing.dev/www/wp-content/plugins/ExtendedTaxos/extended-taxos.php on line 573
[04-Mar-2014 12:44:40 UTC] PHP Notice:  Undefined property: Extended_Taxonomy_Admin::$tax_plural in /var/www/wp.ourhousing.dev/www/wp-content/plugins/ExtendedTaxos/extended-taxos.php on line 574
[04-Mar-2014 12:44:40 UTC] PHP Notice:  Undefined property: Extended_Taxonomy_Admin::$tax_singular in /var/www/wp.ourhousing.dev/www/wp-content/plugins/ExtendedTaxos/extended-taxos.php on line 569
[04-Mar-2014 12:44:40 UTC] PHP Notice:  Undefined property: Extended_Taxonomy_Admin::$tax_singular in /var/www/wp.ourhousing.dev/www/wp-content/plugins/ExtendedTaxos/extended-taxos.php on line 570
[04-Mar-2014 12:44:40 UTC] PHP Notice:  Undefined property: Extended_Taxonomy_Admin::$tax_singular in /var/www/wp.ourhousing.dev/www/wp-content/plugins/ExtendedTaxos/extended-taxos.php on line 571
[04-Mar-2014 12:44:40 UTC] PHP Notice:  Undefined property: Extended_Taxonomy_Admin::$tax_singular in /var/www/wp.ourhousing.dev/www/wp-content/plugins/ExtendedTaxos/extended-taxos.php on line 572
[04-Mar-2014 12:44:40 UTC] PHP Notice:  Undefined property: Extended_Taxonomy_Admin::$tax_singular in /var/www/wp.ourhousing.dev/www/wp-content/plugins/ExtendedTaxos/extended-taxos.php on line 573
[04-Mar-2014 12:44:40 UTC] PHP Notice:  Undefined property: Extended_Taxonomy_Admin::$tax_plural in /var/www/wp.ourhousing.dev/www/wp-content/plugins/ExtendedTaxos/extended-taxos.php on line 574
[04-Mar-2014 12:45:26 UTC] PHP Notice:  Undefined property: Extended_Taxonomy_Admin::$tax_singular in /var/www/wp.ourhousing.dev/www/wp-content/plugins/ExtendedTaxos/extended-taxos.php on line 569
[04-Mar-2014 12:45:26 UTC] PHP Notice:  Undefined property: Extended_Taxonomy_Admin::$tax_singular in /var/www/wp.ourhousing.dev/www/wp-content/plugins/ExtendedTaxos/extended-taxos.php on line 570
[04-Mar-2014 12:45:26 UTC] PHP Notice:  Undefined property: Extended_Taxonomy_Admin::$tax_singular in /var/www/wp.ourhousing.dev/www/wp-content/plugins/ExtendedTaxos/extended-taxos.php on line 571
[04-Mar-2014 12:45:26 UTC] PHP Notice:  Undefined property: Extended_Taxonomy_Admin::$tax_singular in /var/www/wp.ourhousing.dev/www/wp-content/plugins/ExtendedTaxos/extended-taxos.php on line 572
[04-Mar-2014 12:45:26 UTC] PHP Notice:  Undefined property: Extended_Taxonomy_Admin::$tax_singular in /var/www/wp.ourhousing.dev/www/wp-content/plugins/ExtendedTaxos/extended-taxos.php on line 573
[04-Mar-2014 12:45:26 UTC] PHP Notice:  Undefined property: Extended_Taxonomy_Admin::$tax_plural in /var/www/wp.ourhousing.dev/www/wp-content/plugins/ExtendedTaxos/extended-taxos.php on line 574
[04-Mar-2014 12:45:26 UTC] PHP Notice:  Undefined property: Extended_Taxonomy_Admin::$tax_singular in /var/www/wp.ourhousing.dev/www/wp-content/plugins/ExtendedTaxos/extended-taxos.php on line 569
[04-Mar-2014 12:45:26 UTC] PHP Notice:  Undefined property: Extended_Taxonomy_Admin::$tax_singular in /var/www/wp.ourhousing.dev/www/wp-content/plugins/ExtendedTaxos/extended-taxos.php on line 570
[04-Mar-2014 12:45:26 UTC] PHP Notice:  Undefined property: Extended_Taxonomy_Admin::$tax_singular in /var/www/wp.ourhousing.dev/www/wp-content/plugins/ExtendedTaxos/extended-taxos.php on line 571
[04-Mar-2014 12:45:26 UTC] PHP Notice:  Undefined property: Extended_Taxonomy_Admin::$tax_singular in /var/www/wp.ourhousing.dev/www/wp-content/plugins/ExtendedTaxos/extended-taxos.php on line 572
[04-Mar-2014 12:45:26 UTC] PHP Notice:  Undefined property: Extended_Taxonomy_Admin::$tax_singular in /var/www/wp.ourhousing.dev/www/wp-content/plugins/ExtendedTaxos/extended-taxos.php on line 573
[04-Mar-2014 12:45:26 UTC] PHP Notice:  Undefined property: Extended_Taxonomy_Admin::$tax_plural in /var/www/wp.ourhousing.dev/www/wp-content/plugins/ExtendedTaxos/extended-taxos.php on line 574
[04-Mar-2014 12:45:26 UTC] PHP Notice:  Undefined property: Extended_Taxonomy_Admin::$tax_singular in /var/www/wp.ourhousing.dev/www/wp-content/plugins/ExtendedTaxos/extended-taxos.php on line 569
[04-Mar-2014 12:45:26 UTC] PHP Notice:  Undefined property: Extended_Taxonomy_Admin::$tax_singular in /var/www/wp.ourhousing.dev/www/wp-content/plugins/ExtendedTaxos/extended-taxos.php on line 570
[04-Mar-2014 12:45:26 UTC] PHP Notice:  Undefined property: Extended_Taxonomy_Admin::$tax_singular in /var/www/wp.ourhousing.dev/www/wp-content/plugins/ExtendedTaxos/extended-taxos.php on line 571
[04-Mar-2014 12:45:26 UTC] PHP Notice:  Undefined property: Extended_Taxonomy_Admin::$tax_singular in /var/www/wp.ourhousing.dev/www/wp-content/plugins/ExtendedTaxos/extended-taxos.php on line 572
[04-Mar-2014 12:45:26 UTC] PHP Notice:  Undefined property: Extended_Taxonomy_Admin::$tax_singular in /var/www/wp.ourhousing.dev/www/wp-content/plugins/ExtendedTaxos/extended-taxos.php on line 573
[04-Mar-2014 12:45:26 UTC] PHP Notice:  Undefined property: Extended_Taxonomy_Admin::$tax_plural in /var/www/wp.ourhousing.dev/www/wp-content/plugins/ExtendedTaxos/extended-taxos.php on line 574
[04-Mar-2014 12:45:26 UTC] PHP Notice:  Undefined property: Extended_Taxonomy_Admin::$tax_singular in /var/www/wp.ourhousing.dev/www/wp-content/plugins/ExtendedTaxos/extended-taxos.php on line 569
[04-Mar-2014 12:45:26 UTC] PHP Notice:  Undefined property: Extended_Taxonomy_Admin::$tax_singular in /var/www/wp.ourhousing.dev/www/wp-content/plugins/ExtendedTaxos/extended-taxos.php on line 570
[04-Mar-2014 12:45:26 UTC] PHP Notice:  Undefined property: Extended_Taxonomy_Admin::$tax_singular in /var/www/wp.ourhousing.dev/www/wp-content/plugins/ExtendedTaxos/extended-taxos.php on line 571
[04-Mar-2014 12:45:26 UTC] PHP Notice:  Undefined property: Extended_Taxonomy_Admin::$tax_singular in /var/www/wp.ourhousing.dev/www/wp-content/plugins/ExtendedTaxos/extended-taxos.php on line 572
[04-Mar-2014 12:45:26 UTC] PHP Notice:  Undefined property: Extended_Taxonomy_Admin::$tax_singular in /var/www/wp.ourhousing.dev/www/wp-content/plugins/ExtendedTaxos/extended-taxos.php on line 573
[04-Mar-2014 12:45:26 UTC] PHP Notice:  Undefined property: Extended_Taxonomy_Admin::$tax_plural in /var/www/wp.ourhousing.dev/www/wp-content/plugins/ExtendedTaxos/extended-taxos.php on line 574
[04-Mar-2014 12:45:26 UTC] PHP Notice:  Undefined property: Extended_Taxonomy_Admin::$tax_singular in /var/www/wp.ourhousing.dev/www/wp-content/plugins/ExtendedTaxos/extended-taxos.php on line 569
[04-Mar-2014 12:45:26 UTC] PHP Notice:  Undefined property: Extended_Taxonomy_Admin::$tax_singular in /var/www/wp.ourhousing.dev/www/wp-content/plugins/ExtendedTaxos/extended-taxos.php on line 570
[04-Mar-2014 12:45:26 UTC] PHP Notice:  Undefined property: Extended_Taxonomy_Admin::$tax_singular in /var/www/wp.ourhousing.dev/www/wp-content/plugins/ExtendedTaxos/extended-taxos.php on line 571
[04-Mar-2014 12:45:26 UTC] PHP Notice:  Undefined property: Extended_Taxonomy_Admin::$tax_singular in /var/www/wp.ourhousing.dev/www/wp-content/plugins/ExtendedTaxos/extended-taxos.php on line 572
[04-Mar-2014 12:45:26 UTC] PHP Notice:  Undefined property: Extended_Taxonomy_Admin::$tax_singular in /var/www/wp.ourhousing.dev/www/wp-content/plugins/ExtendedTaxos/extended-taxos.php on line 573
[04-Mar-2014 12:45:26 UTC] PHP Notice:  Undefined property: Extended_Taxonomy_Admin::$tax_plural in /var/www/wp.ourhousing.dev/www/wp-content/plugins/ExtendedTaxos/extended-taxos.php on line 574
[04-Mar-2014 12:45:26 UTC] PHP Notice:  Undefined property: Extended_Taxonomy_Admin::$tax_singular in /var/www/wp.ourhousing.dev/www/wp-content/plugins/ExtendedTaxos/extended-taxos.php on line 569
[04-Mar-2014 12:45:26 UTC] PHP Notice:  Undefined property: Extended_Taxonomy_Admin::$tax_singular in /var/www/wp.ourhousing.dev/www/wp-content/plugins/ExtendedTaxos/extended-taxos.php on line 570
[04-Mar-2014 12:45:26 UTC] PHP Notice:  Undefined property: Extended_Taxonomy_Admin::$tax_singular in /var/www/wp.ourhousing.dev/www/wp-content/plugins/ExtendedTaxos/extended-taxos.php on line 571
[04-Mar-2014 12:45:26 UTC] PHP Notice:  Undefined property: Extended_Taxonomy_Admin::$tax_singular in /var/www/wp.ourhousing.dev/www/wp-content/plugins/ExtendedTaxos/extended-taxos.php on line 572
[04-Mar-2014 12:45:26 UTC] PHP Notice:  Undefined property: Extended_Taxonomy_Admin::$tax_singular in /var/www/wp.ourhousing.dev/www/wp-content/plugins/ExtendedTaxos/extended-taxos.php on line 573
[04-Mar-2014 12:45:26 UTC] PHP Notice:  Undefined property: Extended_Taxonomy_Admin::$tax_plural in /var/www/wp.ourhousing.dev/www/wp-content/plugins/ExtendedTaxos/extended-taxos.php on line 574
[04-Mar-2014 12:45:26 UTC] PHP Notice:  Undefined property: Extended_Taxonomy_Admin::$tax_singular in /var/www/wp.ourhousing.dev/www/wp-content/plugins/ExtendedTaxos/extended-taxos.php on line 569
[04-Mar-2014 12:45:26 UTC] PHP Notice:  Undefined property: Extended_Taxonomy_Admin::$tax_singular in /var/www/wp.ourhousing.dev/www/wp-content/plugins/ExtendedTaxos/extended-taxos.php on line 570
[04-Mar-2014 12:45:26 UTC] PHP Notice:  Undefined property: Extended_Taxonomy_Admin::$tax_singular in /var/www/wp.ourhousing.dev/www/wp-content/plugins/ExtendedTaxos/extended-taxos.php on line 571
[04-Mar-2014 12:45:26 UTC] PHP Notice:  Undefined property: Extended_Taxonomy_Admin::$tax_singular in /var/www/wp.ourhousing.dev/www/wp-content/plugins/ExtendedTaxos/extended-taxos.php on line 572
[04-Mar-2014 12:45:26 UTC] PHP Notice:  Undefined property: Extended_Taxonomy_Admin::$tax_singular in /var/www/wp.ourhousing.dev/www/wp-content/plugins/ExtendedTaxos/extended-taxos.php on line 573
[04-Mar-2014 12:45:26 UTC] PHP Notice:  Undefined property: Extended_Taxonomy_Admin::$tax_plural in /var/www/wp.ourhousing.dev/www/wp-content/plugins/ExtendedTaxos/extended-taxos.php on line 574
[04-Mar-2014 12:45:26 UTC] PHP Notice:  Undefined property: Extended_Taxonomy_Admin::$tax_singular in /var/www/wp.ourhousing.dev/www/wp-content/plugins/ExtendedTaxos/extended-taxos.php on line 569
[04-Mar-2014 12:45:26 UTC] PHP Notice:  Undefined property: Extended_Taxonomy_Admin::$tax_singular in /var/www/wp.ourhousing.dev/www/wp-content/plugins/ExtendedTaxos/extended-taxos.php on line 570
[04-Mar-2014 12:45:26 UTC] PHP Notice:  Undefined property: Extended_Taxonomy_Admin::$tax_singular in /var/www/wp.ourhousing.dev/www/wp-content/plugins/ExtendedTaxos/extended-taxos.php on line 571
[04-Mar-2014 12:45:26 UTC] PHP Notice:  Undefined property: Extended_Taxonomy_Admin::$tax_singular in /var/www/wp.ourhousing.dev/www/wp-content/plugins/ExtendedTaxos/extended-taxos.php on line 572
[04-Mar-2014 12:45:26 UTC] PHP Notice:  Undefined property: Extended_Taxonomy_Admin::$tax_singular in /var/www/wp.ourhousing.dev/www/wp-content/plugins/ExtendedTaxos/extended-taxos.php on line 573
[04-Mar-2014 12:45:26 UTC] PHP Notice:  Undefined property: Extended_Taxonomy_Admin::$tax_plural in /var/www/wp.ourhousing.dev/www/wp-content/plugins/ExtendedTaxos/extended-taxos.php on line 574
[04-Mar-2014 12:47:01 UTC] PHP Notice:  Undefined property: Extended_Taxonomy_Admin::$tax_singular in /var/www/wp.ourhousing.dev/www/wp-content/plugins/ExtendedTaxos/extended-taxos.php on line 571
[04-Mar-2014 12:47:01 UTC] PHP Notice:  Undefined property: Extended_Taxonomy_Admin::$tax_singular in /var/www/wp.ourhousing.dev/www/wp-content/plugins/ExtendedTaxos/extended-taxos.php on line 572
[04-Mar-2014 12:47:01 UTC] PHP Notice:  Undefined property: Extended_Taxonomy_Admin::$tax_singular in /var/www/wp.ourhousing.dev/www/wp-content/plugins/ExtendedTaxos/extended-taxos.php on line 573
[04-Mar-2014 12:47:01 UTC] PHP Notice:  Undefined property: Extended_Taxonomy_Admin::$tax_singular in /var/www/wp.ourhousing.dev/www/wp-content/plugins/ExtendedTaxos/extended-taxos.php on line 574
[04-Mar-2014 12:47:01 UTC] PHP Notice:  Undefined property: Extended_Taxonomy_Admin::$tax_singular in /var/www/wp.ourhousing.dev/www/wp-content/plugins/ExtendedTaxos/extended-taxos.php on line 575
[04-Mar-2014 12:47:01 UTC] PHP Notice:  Undefined property: Extended_Taxonomy_Admin::$tax_plural in /var/www/wp.ourhousing.dev/www/wp-content/plugins/ExtendedTaxos/extended-taxos.php on line 576
[04-Mar-2014 12:47:01 UTC] PHP Notice:  Undefined property: Extended_Taxonomy_Admin::$tax_singular in /var/www/wp.ourhousing.dev/www/wp-content/plugins/ExtendedTaxos/extended-taxos.php on line 571
[04-Mar-2014 12:47:01 UTC] PHP Notice:  Undefined property: Extended_Taxonomy_Admin::$tax_singular in /var/www/wp.ourhousing.dev/www/wp-content/plugins/ExtendedTaxos/extended-taxos.php on line 572
[04-Mar-2014 12:47:01 UTC] PHP Notice:  Undefined property: Extended_Taxonomy_Admin::$tax_singular in /var/www/wp.ourhousing.dev/www/wp-content/plugins/ExtendedTaxos/extended-taxos.php on line 573
[04-Mar-2014 12:47:01 UTC] PHP Notice:  Undefined property: Extended_Taxonomy_Admin::$tax_singular in /var/www/wp.ourhousing.dev/www/wp-content/plugins/ExtendedTaxos/extended-taxos.php on line 574
[04-Mar-2014 12:47:01 UTC] PHP Notice:  Undefined property: Extended_Taxonomy_Admin::$tax_singular in /var/www/wp.ourhousing.dev/www/wp-content/plugins/ExtendedTaxos/extended-taxos.php on line 575
[04-Mar-2014 12:47:01 UTC] PHP Notice:  Undefined property: Extended_Taxonomy_Admin::$tax_plural in /var/www/wp.ourhousing.dev/www/wp-content/plugins/ExtendedTaxos/extended-taxos.php on line 576
[04-Mar-2014 12:47:01 UTC] PHP Notice:  Undefined property: Extended_Taxonomy_Admin::$tax_singular in /var/www/wp.ourhousing.dev/www/wp-content/plugins/ExtendedTaxos/extended-taxos.php on line 571
[04-Mar-2014 12:47:01 UTC] PHP Notice:  Undefined property: Extended_Taxonomy_Admin::$tax_singular in /var/www/wp.ourhousing.dev/www/wp-content/plugins/ExtendedTaxos/extended-taxos.php on line 572
[04-Mar-2014 12:47:01 UTC] PHP Notice:  Undefined property: Extended_Taxonomy_Admin::$tax_singular in /var/www/wp.ourhousing.dev/www/wp-content/plugins/ExtendedTaxos/extended-taxos.php on line 573
[04-Mar-2014 12:47:01 UTC] PHP Notice:  Undefined property: Extended_Taxonomy_Admin::$tax_singular in /var/www/wp.ourhousing.dev/www/wp-content/plugins/ExtendedTaxos/extended-taxos.php on line 574
[04-Mar-2014 12:47:01 UTC] PHP Notice:  Undefined property: Extended_Taxonomy_Admin::$tax_singular in /var/www/wp.ourhousing.dev/www/wp-content/plugins/ExtendedTaxos/extended-taxos.php on line 575
[04-Mar-2014 12:47:01 UTC] PHP Notice:  Undefined property: Extended_Taxonomy_Admin::$tax_plural in /var/www/wp.ourhousing.dev/www/wp-content/plugins/ExtendedTaxos/extended-taxos.php on line 576
[04-Mar-2014 12:47:01 UTC] PHP Notice:  Undefined property: Extended_Taxonomy_Admin::$tax_singular in /var/www/wp.ourhousing.dev/www/wp-content/plugins/ExtendedTaxos/extended-taxos.php on line 571
[04-Mar-2014 12:47:01 UTC] PHP Notice:  Undefined property: Extended_Taxonomy_Admin::$tax_singular in /var/www/wp.ourhousing.dev/www/wp-content/plugins/ExtendedTaxos/extended-taxos.php on line 572
[04-Mar-2014 12:47:01 UTC] PHP Notice:  Undefined property: Extended_Taxonomy_Admin::$tax_singular in /var/www/wp.ourhousing.dev/www/wp-content/plugins/ExtendedTaxos/extended-taxos.php on line 573
[04-Mar-2014 12:47:01 UTC] PHP Notice:  Undefined property: Extended_Taxonomy_Admin::$tax_singular in /var/www/wp.ourhousing.dev/www/wp-content/plugins/ExtendedTaxos/extended-taxos.php on line 574
[04-Mar-2014 12:47:01 UTC] PHP Notice:  Undefined property: Extended_Taxonomy_Admin::$tax_singular in /var/www/wp.ourhousing.dev/www/wp-content/plugins/ExtendedTaxos/extended-taxos.php on line 575
[04-Mar-2014 12:47:01 UTC] PHP Notice:  Undefined property: Extended_Taxonomy_Admin::$tax_plural in /var/www/wp.ourhousing.dev/www/wp-content/plugins/ExtendedTaxos/extended-taxos.php on line 576
[04-Mar-2014 12:47:01 UTC] PHP Notice:  Undefined property: Extended_Taxonomy_Admin::$tax_singular in /var/www/wp.ourhousing.dev/www/wp-content/plugins/ExtendedTaxos/extended-taxos.php on line 571
[04-Mar-2014 12:47:01 UTC] PHP Notice:  Undefined property: Extended_Taxonomy_Admin::$tax_singular in /var/www/wp.ourhousing.dev/www/wp-content/plugins/ExtendedTaxos/extended-taxos.php on line 572
[04-Mar-2014 12:47:01 UTC] PHP Notice:  Undefined property: Extended_Taxonomy_Admin::$tax_singular in /var/www/wp.ourhousing.dev/www/wp-content/plugins/ExtendedTaxos/extended-taxos.php on line 573
[04-Mar-2014 12:47:01 UTC] PHP Notice:  Undefined property: Extended_Taxonomy_Admin::$tax_singular in /var/www/wp.ourhousing.dev/www/wp-content/plugins/ExtendedTaxos/extended-taxos.php on line 574
[04-Mar-2014 12:47:01 UTC] PHP Notice:  Undefined property: Extended_Taxonomy_Admin::$tax_singular in /var/www/wp.ourhousing.dev/www/wp-content/plugins/ExtendedTaxos/extended-taxos.php on line 575
[04-Mar-2014 12:47:01 UTC] PHP Notice:  Undefined property: Extended_Taxonomy_Admin::$tax_plural in /var/www/wp.ourhousing.dev/www/wp-content/plugins/ExtendedTaxos/extended-taxos.php on line 576
[04-Mar-2014 12:47:01 UTC] PHP Notice:  Undefined property: Extended_Taxonomy_Admin::$tax_singular in /var/www/wp.ourhousing.dev/www/wp-content/plugins/ExtendedTaxos/extended-taxos.php on line 571
[04-Mar-2014 12:47:01 UTC] PHP Notice:  Undefined property: Extended_Taxonomy_Admin::$tax_singular in /var/www/wp.ourhousing.dev/www/wp-content/plugins/ExtendedTaxos/extended-taxos.php on line 572
[04-Mar-2014 12:47:01 UTC] PHP Notice:  Undefined property: Extended_Taxonomy_Admin::$tax_singular in /var/www/wp.ourhousing.dev/www/wp-content/plugins/ExtendedTaxos/extended-taxos.php on line 573
[04-Mar-2014 12:47:01 UTC] PHP Notice:  Undefined property: Extended_Taxonomy_Admin::$tax_singular in /var/www/wp.ourhousing.dev/www/wp-content/plugins/ExtendedTaxos/extended-taxos.php on line 574
[04-Mar-2014 12:47:01 UTC] PHP Notice:  Undefined property: Extended_Taxonomy_Admin::$tax_singular in /var/www/wp.ourhousing.dev/www/wp-content/plugins/ExtendedTaxos/extended-taxos.php on line 575
[04-Mar-2014 12:47:01 UTC] PHP Notice:  Undefined property: Extended_Taxonomy_Admin::$tax_plural in /var/www/wp.ourhousing.dev/www/wp-content/plugins/ExtendedTaxos/extended-taxos.php on line 576
[04-Mar-2014 12:47:01 UTC] PHP Notice:  Undefined property: Extended_Taxonomy_Admin::$tax_singular in /var/www/wp.ourhousing.dev/www/wp-content/plugins/ExtendedTaxos/extended-taxos.php on line 571
[04-Mar-2014 12:47:01 UTC] PHP Notice:  Undefined property: Extended_Taxonomy_Admin::$tax_singular in /var/www/wp.ourhousing.dev/www/wp-content/plugins/ExtendedTaxos/extended-taxos.php on line 572
[04-Mar-2014 12:47:01 UTC] PHP Notice:  Undefined property: Extended_Taxonomy_Admin::$tax_singular in /var/www/wp.ourhousing.dev/www/wp-content/plugins/ExtendedTaxos/extended-taxos.php on line 573
[04-Mar-2014 12:47:01 UTC] PHP Notice:  Undefined property: Extended_Taxonomy_Admin::$tax_singular in /var/www/wp.ourhousing.dev/www/wp-content/plugins/ExtendedTaxos/extended-taxos.php on line 574
[04-Mar-2014 12:47:01 UTC] PHP Notice:  Undefined property: Extended_Taxonomy_Admin::$tax_singular in /var/www/wp.ourhousing.dev/www/wp-content/plugins/ExtendedTaxos/extended-taxos.php on line 575
[04-Mar-2014 12:47:01 UTC] PHP Notice:  Undefined property: Extended_Taxonomy_Admin::$tax_plural in /var/www/wp.ourhousing.dev/www/wp-content/plugins/ExtendedTaxos/extended-taxos.php on line 576
[04-Mar-2014 12:47:01 UTC] PHP Notice:  Undefined property: Extended_Taxonomy_Admin::$tax_singular in /var/www/wp.ourhousing.dev/www/wp-content/plugins/ExtendedTaxos/extended-taxos.php on line 571
[04-Mar-2014 12:47:01 UTC] PHP Notice:  Undefined property: Extended_Taxonomy_Admin::$tax_singular in /var/www/wp.ourhousing.dev/www/wp-content/plugins/ExtendedTaxos/extended-taxos.php on line 572
[04-Mar-2014 12:47:01 UTC] PHP Notice:  Undefined property: Extended_Taxonomy_Admin::$tax_singular in /var/www/wp.ourhousing.dev/www/wp-content/plugins/ExtendedTaxos/extended-taxos.php on line 573
[04-Mar-2014 12:47:01 UTC] PHP Notice:  Undefined property: Extended_Taxonomy_Admin::$tax_singular in /var/www/wp.ourhousing.dev/www/wp-content/plugins/ExtendedTaxos/extended-taxos.php on line 574
[04-Mar-2014 12:47:01 UTC] PHP Notice:  Undefined property: Extended_Taxonomy_Admin::$tax_singular in /var/www/wp.ourhousing.dev/www/wp-content/plugins/ExtendedTaxos/extended-taxos.php on line 575
[04-Mar-2014 12:47:01 UTC] PHP Notice:  Undefined property: Extended_Taxonomy_Admin::$tax_plural in /var/www/wp.ourhousing.dev/www/wp-content/plugins/ExtendedTaxos/extended-taxos.php on line 576
[04-Mar-2014 12:49:59 UTC] PHP Notice:  Undefined property: Extended_Taxonomy_Admin::$tax_singular in /var/www/wp.ourhousing.dev/www/wp-content/plugins/ExtendedTaxos/extended-taxos.php on line 571
[04-Mar-2014 12:49:59 UTC] PHP Notice:  Undefined property: Extended_Taxonomy_Admin::$tax_singular in /var/www/wp.ourhousing.dev/www/wp-content/plugins/ExtendedTaxos/extended-taxos.php on line 572
[04-Mar-2014 12:49:59 UTC] PHP Notice:  Undefined property: Extended_Taxonomy_Admin::$tax_singular in /var/www/wp.ourhousing.dev/www/wp-content/plugins/ExtendedTaxos/extended-taxos.php on line 573
[04-Mar-2014 12:49:59 UTC] PHP Notice:  Undefined property: Extended_Taxonomy_Admin::$tax_singular in /var/www/wp.ourhousing.dev/www/wp-content/plugins/ExtendedTaxos/extended-taxos.php on line 574
[04-Mar-2014 12:49:59 UTC] PHP Notice:  Undefined property: Extended_Taxonomy_Admin::$tax_singular in /var/www/wp.ourhousing.dev/www/wp-content/plugins/ExtendedTaxos/extended-taxos.php on line 575
[04-Mar-2014 12:49:59 UTC] PHP Notice:  Undefined property: Extended_Taxonomy_Admin::$tax_plural in /var/www/wp.ourhousing.dev/www/wp-content/plugins/ExtendedTaxos/extended-taxos.php on line 576
[04-Mar-2014 12:49:59 UTC] PHP Notice:  Undefined property: Extended_Taxonomy_Admin::$tax_singular in /var/www/wp.ourhousing.dev/www/wp-content/plugins/ExtendedTaxos/extended-taxos.php on line 571
[04-Mar-2014 12:49:59 UTC] PHP Notice:  Undefined property: Extended_Taxonomy_Admin::$tax_singular in /var/www/wp.ourhousing.dev/www/wp-content/plugins/ExtendedTaxos/extended-taxos.php on line 572
[04-Mar-2014 12:49:59 UTC] PHP Notice:  Undefined property: Extended_Taxonomy_Admin::$tax_singular in /var/www/wp.ourhousing.dev/www/wp-content/plugins/ExtendedTaxos/extended-taxos.php on line 573
[04-Mar-2014 12:49:59 UTC] PHP Notice:  Undefined property: Extended_Taxonomy_Admin::$tax_singular in /var/www/wp.ourhousing.dev/www/wp-content/plugins/ExtendedTaxos/extended-taxos.php on line 574
[04-Mar-2014 12:49:59 UTC] PHP Notice:  Undefined property: Extended_Taxonomy_Admin::$tax_singular in /var/www/wp.ourhousing.dev/www/wp-content/plugins/ExtendedTaxos/extended-taxos.php on line 575
[04-Mar-2014 12:49:59 UTC] PHP Notice:  Undefined property: Extended_Taxonomy_Admin::$tax_plural in /var/www/wp.ourhousing.dev/www/wp-content/plugins/ExtendedTaxos/extended-taxos.php on line 576
[04-Mar-2014 12:49:59 UTC] PHP Notice:  Undefined property: Extended_Taxonomy_Admin::$tax_singular in /var/www/wp.ourhousing.dev/www/wp-content/plugins/ExtendedTaxos/extended-taxos.php on line 571
[04-Mar-2014 12:49:59 UTC] PHP Notice:  Undefined property: Extended_Taxonomy_Admin::$tax_singular in /var/www/wp.ourhousing.dev/www/wp-content/plugins/ExtendedTaxos/extended-taxos.php on line 572
[04-Mar-2014 12:49:59 UTC] PHP Notice:  Undefined property: Extended_Taxonomy_Admin::$tax_singular in /var/www/wp.ourhousing.dev/www/wp-content/plugins/ExtendedTaxos/extended-taxos.php on line 573
[04-Mar-2014 12:49:59 UTC] PHP Notice:  Undefined property: Extended_Taxonomy_Admin::$tax_singular in /var/www/wp.ourhousing.dev/www/wp-content/plugins/ExtendedTaxos/extended-taxos.php on line 574
[04-Mar-2014 12:49:59 UTC] PHP Notice:  Undefined property: Extended_Taxonomy_Admin::$tax_singular in /var/www/wp.ourhousing.dev/www/wp-content/plugins/ExtendedTaxos/extended-taxos.php on line 575
[04-Mar-2014 12:49:59 UTC] PHP Notice:  Undefined property: Extended_Taxonomy_Admin::$tax_plural in /var/www/wp.ourhousing.dev/www/wp-content/plugins/ExtendedTaxos/extended-taxos.php on line 576
[04-Mar-2014 12:49:59 UTC] PHP Notice:  Undefined property: Extended_Taxonomy_Admin::$tax_singular in /var/www/wp.ourhousing.dev/www/wp-content/plugins/ExtendedTaxos/extended-taxos.php on line 571
[04-Mar-2014 12:49:59 UTC] PHP Notice:  Undefined property: Extended_Taxonomy_Admin::$tax_singular in /var/www/wp.ourhousing.dev/www/wp-content/plugins/ExtendedTaxos/extended-taxos.php on line 572
[04-Mar-2014 12:49:59 UTC] PHP Notice:  Undefined property: Extended_Taxonomy_Admin::$tax_singular in /var/www/wp.ourhousing.dev/www/wp-content/plugins/ExtendedTaxos/extended-taxos.php on line 573
[04-Mar-2014 12:49:59 UTC] PHP Notice:  Undefined property: Extended_Taxonomy_Admin::$tax_singular in /var/www/wp.ourhousing.dev/www/wp-content/plugins/ExtendedTaxos/extended-taxos.php on line 574
[04-Mar-2014 12:49:59 UTC] PHP Notice:  Undefined property: Extended_Taxonomy_Admin::$tax_singular in /var/www/wp.ourhousing.dev/www/wp-content/plugins/ExtendedTaxos/extended-taxos.php on line 575
[04-Mar-2014 12:49:59 UTC] PHP Notice:  Undefined property: Extended_Taxonomy_Admin::$tax_plural in /var/www/wp.ourhousing.dev/www/wp-content/plugins/ExtendedTaxos/extended-taxos.php on line 576
[04-Mar-2014 12:49:59 UTC] PHP Notice:  Undefined property: Extended_Taxonomy_Admin::$tax_singular in /var/www/wp.ourhousing.dev/www/wp-content/plugins/ExtendedTaxos/extended-taxos.php on line 571
[04-Mar-2014 12:49:59 UTC] PHP Notice:  Undefined property: Extended_Taxonomy_Admin::$tax_singular in /var/www/wp.ourhousing.dev/www/wp-content/plugins/ExtendedTaxos/extended-taxos.php on line 572
[04-Mar-2014 12:49:59 UTC] PHP Notice:  Undefined property: Extended_Taxonomy_Admin::$tax_singular in /var/www/wp.ourhousing.dev/www/wp-content/plugins/ExtendedTaxos/extended-taxos.php on line 573
[04-Mar-2014 12:49:59 UTC] PHP Notice:  Undefined property: Extended_Taxonomy_Admin::$tax_singular in /var/www/wp.ourhousing.dev/www/wp-content/plugins/ExtendedTaxos/extended-taxos.php on line 574
[04-Mar-2014 12:49:59 UTC] PHP Notice:  Undefined property: Extended_Taxonomy_Admin::$tax_singular in /var/www/wp.ourhousing.dev/www/wp-content/plugins/ExtendedTaxos/extended-taxos.php on line 575
[04-Mar-2014 12:49:59 UTC] PHP Notice:  Undefined property: Extended_Taxonomy_Admin::$tax_plural in /var/www/wp.ourhousing.dev/www/wp-content/plugins/ExtendedTaxos/extended-taxos.php on line 576
[04-Mar-2014 12:49:59 UTC] PHP Notice:  Undefined property: Extended_Taxonomy_Admin::$tax_singular in /var/www/wp.ourhousing.dev/www/wp-content/plugins/ExtendedTaxos/extended-taxos.php on line 571
[04-Mar-2014 12:49:59 UTC] PHP Notice:  Undefined property: Extended_Taxonomy_Admin::$tax_singular in /var/www/wp.ourhousing.dev/www/wp-content/plugins/ExtendedTaxos/extended-taxos.php on line 572
[04-Mar-2014 12:49:59 UTC] PHP Notice:  Undefined property: Extended_Taxonomy_Admin::$tax_singular in /var/www/wp.ourhousing.dev/www/wp-content/plugins/ExtendedTaxos/extended-taxos.php on line 573
[04-Mar-2014 12:49:59 UTC] PHP Notice:  Undefined property: Extended_Taxonomy_Admin::$tax_singular in /var/www/wp.ourhousing.dev/www/wp-content/plugins/ExtendedTaxos/extended-taxos.php on line 574
[04-Mar-2014 12:49:59 UTC] PHP Notice:  Undefined property: Extended_Taxonomy_Admin::$tax_singular in /var/www/wp.ourhousing.dev/www/wp-content/plugins/ExtendedTaxos/extended-taxos.php on line 575
[04-Mar-2014 12:49:59 UTC] PHP Notice:  Undefined property: Extended_Taxonomy_Admin::$tax_plural in /var/www/wp.ourhousing.dev/www/wp-content/plugins/ExtendedTaxos/extended-taxos.php on line 576
[04-Mar-2014 12:49:59 UTC] PHP Notice:  Undefined property: Extended_Taxonomy_Admin::$tax_singular in /var/www/wp.ourhousing.dev/www/wp-content/plugins/ExtendedTaxos/extended-taxos.php on line 571
[04-Mar-2014 12:49:59 UTC] PHP Notice:  Undefined property: Extended_Taxonomy_Admin::$tax_singular in /var/www/wp.ourhousing.dev/www/wp-content/plugins/ExtendedTaxos/extended-taxos.php on line 572
[04-Mar-2014 12:49:59 UTC] PHP Notice:  Undefined property: Extended_Taxonomy_Admin::$tax_singular in /var/www/wp.ourhousing.dev/www/wp-content/plugins/ExtendedTaxos/extended-taxos.php on line 573
[04-Mar-2014 12:49:59 UTC] PHP Notice:  Undefined property: Extended_Taxonomy_Admin::$tax_singular in /var/www/wp.ourhousing.dev/www/wp-content/plugins/ExtendedTaxos/extended-taxos.php on line 574
[04-Mar-2014 12:49:59 UTC] PHP Notice:  Undefined property: Extended_Taxonomy_Admin::$tax_singular in /var/www/wp.ourhousing.dev/www/wp-content/plugins/ExtendedTaxos/extended-taxos.php on line 575
[04-Mar-2014 12:49:59 UTC] PHP Notice:  Undefined property: Extended_Taxonomy_Admin::$tax_plural in /var/www/wp.ourhousing.dev/www/wp-content/plugins/ExtendedTaxos/extended-taxos.php on line 576
[04-Mar-2014 12:49:59 UTC] PHP Notice:  Undefined property: Extended_Taxonomy_Admin::$tax_singular in /var/www/wp.ourhousing.dev/www/wp-content/plugins/ExtendedTaxos/extended-taxos.php on line 571
[04-Mar-2014 12:49:59 UTC] PHP Notice:  Undefined property: Extended_Taxonomy_Admin::$tax_singular in /var/www/wp.ourhousing.dev/www/wp-content/plugins/ExtendedTaxos/extended-taxos.php on line 572
[04-Mar-2014 12:49:59 UTC] PHP Notice:  Undefined property: Extended_Taxonomy_Admin::$tax_singular in /var/www/wp.ourhousing.dev/www/wp-content/plugins/ExtendedTaxos/extended-taxos.php on line 573
[04-Mar-2014 12:49:59 UTC] PHP Notice:  Undefined property: Extended_Taxonomy_Admin::$tax_singular in /var/www/wp.ourhousing.dev/www/wp-content/plugins/ExtendedTaxos/extended-taxos.php on line 574
[04-Mar-2014 12:49:59 UTC] PHP Notice:  Undefined property: Extended_Taxonomy_Admin::$tax_singular in /var/www/wp.ourhousing.dev/www/wp-content/plugins/ExtendedTaxos/extended-taxos.php on line 575
[04-Mar-2014 12:49:59 UTC] PHP Notice:  Undefined property: Extended_Taxonomy_Admin::$tax_plural in /var/www/wp.ourhousing.dev/www/wp-content/plugins/ExtendedTaxos/extended-taxos.php on line 576
[04-Mar-2014 12:50:22 UTC] PHP Notice:  Undefined property: Extended_Taxonomy_Admin::$tax_singular in /var/www/wp.ourhousing.dev/www/wp-content/plugins/ExtendedTaxos/extended-taxos.php on line 571
[04-Mar-2014 12:50:22 UTC] PHP Notice:  Undefined property: Extended_Taxonomy_Admin::$tax_singular in /var/www/wp.ourhousing.dev/www/wp-content/plugins/ExtendedTaxos/extended-taxos.php on line 572
[04-Mar-2014 12:50:22 UTC] PHP Notice:  Undefined property: Extended_Taxonomy_Admin::$tax_singular in /var/www/wp.ourhousing.dev/www/wp-content/plugins/ExtendedTaxos/extended-taxos.php on line 573
[04-Mar-2014 12:50:22 UTC] PHP Notice:  Undefined property: Extended_Taxonomy_Admin::$tax_singular in /var/www/wp.ourhousing.dev/www/wp-content/plugins/ExtendedTaxos/extended-taxos.php on line 574
[04-Mar-2014 12:50:22 UTC] PHP Notice:  Undefined property: Extended_Taxonomy_Admin::$tax_singular in /var/www/wp.ourhousing.dev/www/wp-content/plugins/ExtendedTaxos/extended-taxos.php on line 575
[04-Mar-2014 12:50:22 UTC] PHP Notice:  Undefined property: Extended_Taxonomy_Admin::$tax_plural in /var/www/wp.ourhousing.dev/www/wp-content/plugins/ExtendedTaxos/extended-taxos.php on line 576
[04-Mar-2014 12:50:22 UTC] PHP Notice:  Undefined property: Extended_Taxonomy_Admin::$tax_singular in /var/www/wp.ourhousing.dev/www/wp-content/plugins/ExtendedTaxos/extended-taxos.php on line 571
[04-Mar-2014 12:50:22 UTC] PHP Notice:  Undefined property: Extended_Taxonomy_Admin::$tax_singular in /var/www/wp.ourhousing.dev/www/wp-content/plugins/ExtendedTaxos/extended-taxos.php on line 572
[04-Mar-2014 12:50:22 UTC] PHP Notice:  Undefined property: Extended_Taxonomy_Admin::$tax_singular in /var/www/wp.ourhousing.dev/www/wp-content/plugins/ExtendedTaxos/extended-taxos.php on line 573
[04-Mar-2014 12:50:22 UTC] PHP Notice:  Undefined property: Extended_Taxonomy_Admin::$tax_singular in /var/www/wp.ourhousing.dev/www/wp-content/plugins/ExtendedTaxos/extended-taxos.php on line 574
[04-Mar-2014 12:50:22 UTC] PHP Notice:  Undefined property: Extended_Taxonomy_Admin::$tax_singular in /var/www/wp.ourhousing.dev/www/wp-content/plugins/ExtendedTaxos/extended-taxos.php on line 575
[04-Mar-2014 12:50:22 UTC] PHP Notice:  Undefined property: Extended_Taxonomy_Admin::$tax_plural in /var/www/wp.ourhousing.dev/www/wp-content/plugins/ExtendedTaxos/extended-taxos.php on line 576
[04-Mar-2014 12:50:22 UTC] PHP Notice:  Undefined property: Extended_Taxonomy_Admin::$tax_singular in /var/www/wp.ourhousing.dev/www/wp-content/plugins/ExtendedTaxos/extended-taxos.php on line 571
[04-Mar-2014 12:50:22 UTC] PHP Notice:  Undefined property: Extended_Taxonomy_Admin::$tax_singular in /var/www/wp.ourhousing.dev/www/wp-content/plugins/ExtendedTaxos/extended-taxos.php on line 572
[04-Mar-2014 12:50:22 UTC] PHP Notice:  Undefined property: Extended_Taxonomy_Admin::$tax_singular in /var/www/wp.ourhousing.dev/www/wp-content/plugins/ExtendedTaxos/extended-taxos.php on line 573
[04-Mar-2014 12:50:22 UTC] PHP Notice:  Undefined property: Extended_Taxonomy_Admin::$tax_singular in /var/www/wp.ourhousing.dev/www/wp-content/plugins/ExtendedTaxos/extended-taxos.php on line 574
[04-Mar-2014 12:50:22 UTC] PHP Notice:  Undefined property: Extended_Taxonomy_Admin::$tax_singular in /var/www/wp.ourhousing.dev/www/wp-content/plugins/ExtendedTaxos/extended-taxos.php on line 575
[04-Mar-2014 12:50:22 UTC] PHP Notice:  Undefined property: Extended_Taxonomy_Admin::$tax_plural in /var/www/wp.ourhousing.dev/www/wp-content/plugins/ExtendedTaxos/extended-taxos.php on line 576
[04-Mar-2014 12:50:22 UTC] PHP Notice:  Undefined property: Extended_Taxonomy_Admin::$tax_singular in /var/www/wp.ourhousing.dev/www/wp-content/plugins/ExtendedTaxos/extended-taxos.php on line 571
[04-Mar-2014 12:50:22 UTC] PHP Notice:  Undefined property: Extended_Taxonomy_Admin::$tax_singular in /var/www/wp.ourhousing.dev/www/wp-content/plugins/ExtendedTaxos/extended-taxos.php on line 572
[04-Mar-2014 12:50:22 UTC] PHP Notice:  Undefined property: Extended_Taxonomy_Admin::$tax_singular in /var/www/wp.ourhousing.dev/www/wp-content/plugins/ExtendedTaxos/extended-taxos.php on line 573
[04-Mar-2014 12:50:22 UTC] PHP Notice:  Undefined property: Extended_Taxonomy_Admin::$tax_singular in /var/www/wp.ourhousing.dev/www/wp-content/plugins/ExtendedTaxos/extended-taxos.php on line 574
[04-Mar-2014 12:50:22 UTC] PHP Notice:  Undefined property: Extended_Taxonomy_Admin::$tax_singular in /var/www/wp.ourhousing.dev/www/wp-content/plugins/ExtendedTaxos/extended-taxos.php on line 575
[04-Mar-2014 12:50:22 UTC] PHP Notice:  Undefined property: Extended_Taxonomy_Admin::$tax_plural in /var/www/wp.ourhousing.dev/www/wp-content/plugins/ExtendedTaxos/extended-taxos.php on line 576
[04-Mar-2014 12:50:22 UTC] PHP Notice:  Undefined property: Extended_Taxonomy_Admin::$tax_singular in /var/www/wp.ourhousing.dev/www/wp-content/plugins/ExtendedTaxos/extended-taxos.php on line 571
[04-Mar-2014 12:50:22 UTC] PHP Notice:  Undefined property: Extended_Taxonomy_Admin::$tax_singular in /var/www/wp.ourhousing.dev/www/wp-content/plugins/ExtendedTaxos/extended-taxos.php on line 572
[04-Mar-2014 12:50:22 UTC] PHP Notice:  Undefined property: Extended_Taxonomy_Admin::$tax_singular in /var/www/wp.ourhousing.dev/www/wp-content/plugins/ExtendedTaxos/extended-taxos.php on line 573
[04-Mar-2014 12:50:22 UTC] PHP Notice:  Undefined property: Extended_Taxonomy_Admin::$tax_singular in /var/www/wp.ourhousing.dev/www/wp-content/plugins/ExtendedTaxos/extended-taxos.php on line 574
[04-Mar-2014 12:50:22 UTC] PHP Notice:  Undefined property: Extended_Taxonomy_Admin::$tax_singular in /var/www/wp.ourhousing.dev/www/wp-content/plugins/ExtendedTaxos/extended-taxos.php on line 575
[04-Mar-2014 12:50:22 UTC] PHP Notice:  Undefined property: Extended_Taxonomy_Admin::$tax_plural in /var/www/wp.ourhousing.dev/www/wp-content/plugins/ExtendedTaxos/extended-taxos.php on line 576
[04-Mar-2014 12:50:22 UTC] PHP Notice:  Undefined property: Extended_Taxonomy_Admin::$tax_singular in /var/www/wp.ourhousing.dev/www/wp-content/plugins/ExtendedTaxos/extended-taxos.php on line 571
[04-Mar-2014 12:50:22 UTC] PHP Notice:  Undefined property: Extended_Taxonomy_Admin::$tax_singular in /var/www/wp.ourhousing.dev/www/wp-content/plugins/ExtendedTaxos/extended-taxos.php on line 572
[04-Mar-2014 12:50:22 UTC] PHP Notice:  Undefined property: Extended_Taxonomy_Admin::$tax_singular in /var/www/wp.ourhousing.dev/www/wp-content/plugins/ExtendedTaxos/extended-taxos.php on line 573
[04-Mar-2014 12:50:22 UTC] PHP Notice:  Undefined property: Extended_Taxonomy_Admin::$tax_singular in /var/www/wp.ourhousing.dev/www/wp-content/plugins/ExtendedTaxos/extended-taxos.php on line 574
[04-Mar-2014 12:50:22 UTC] PHP Notice:  Undefined property: Extended_Taxonomy_Admin::$tax_singular in /var/www/wp.ourhousing.dev/www/wp-content/plugins/ExtendedTaxos/extended-taxos.php on line 575
[04-Mar-2014 12:50:22 UTC] PHP Notice:  Undefined property: Extended_Taxonomy_Admin::$tax_plural in /var/www/wp.ourhousing.dev/www/wp-content/plugins/ExtendedTaxos/extended-taxos.php on line 576
[04-Mar-2014 12:50:22 UTC] PHP Notice:  Undefined property: Extended_Taxonomy_Admin::$tax_singular in /var/www/wp.ourhousing.dev/www/wp-content/plugins/ExtendedTaxos/extended-taxos.php on line 571
[04-Mar-2014 12:50:22 UTC] PHP Notice:  Undefined property: Extended_Taxonomy_Admin::$tax_singular in /var/www/wp.ourhousing.dev/www/wp-content/plugins/ExtendedTaxos/extended-taxos.php on line 572
[04-Mar-2014 12:50:22 UTC] PHP Notice:  Undefined property: Extended_Taxonomy_Admin::$tax_singular in /var/www/wp.ourhousing.dev/www/wp-content/plugins/ExtendedTaxos/extended-taxos.php on line 573
[04-Mar-2014 12:50:22 UTC] PHP Notice:  Undefined property: Extended_Taxonomy_Admin::$tax_singular in /var/www/wp.ourhousing.dev/www/wp-content/plugins/ExtendedTaxos/extended-taxos.php on line 574
[04-Mar-2014 12:50:22 UTC] PHP Notice:  Undefined property: Extended_Taxonomy_Admin::$tax_singular in /var/www/wp.ourhousing.dev/www/wp-content/plugins/ExtendedTaxos/extended-taxos.php on line 575
[04-Mar-2014 12:50:22 UTC] PHP Notice:  Undefined property: Extended_Taxonomy_Admin::$tax_plural in /var/www/wp.ourhousing.dev/www/wp-content/plugins/ExtendedTaxos/extended-taxos.php on line 576
[04-Mar-2014 12:50:22 UTC] PHP Notice:  Undefined property: Extended_Taxonomy_Admin::$tax_singular in /var/www/wp.ourhousing.dev/www/wp-content/plugins/ExtendedTaxos/extended-taxos.php on line 571
[04-Mar-2014 12:50:22 UTC] PHP Notice:  Undefined property: Extended_Taxonomy_Admin::$tax_singular in /var/www/wp.ourhousing.dev/www/wp-content/plugins/ExtendedTaxos/extended-taxos.php on line 572
[04-Mar-2014 12:50:22 UTC] PHP Notice:  Undefined property: Extended_Taxonomy_Admin::$tax_singular in /var/www/wp.ourhousing.dev/www/wp-content/plugins/ExtendedTaxos/extended-taxos.php on line 573
[04-Mar-2014 12:50:22 UTC] PHP Notice:  Undefined property: Extended_Taxonomy_Admin::$tax_singular in /var/www/wp.ourhousing.dev/www/wp-content/plugins/ExtendedTaxos/extended-taxos.php on line 574
[04-Mar-2014 12:50:22 UTC] PHP Notice:  Undefined property: Extended_Taxonomy_Admin::$tax_singular in /var/www/wp.ourhousing.dev/www/wp-content/plugins/ExtendedTaxos/extended-taxos.php on line 575
[04-Mar-2014 12:50:22 UTC] PHP Notice:  Undefined property: Extended_Taxonomy_Admin::$tax_plural in /var/www/wp.ourhousing.dev/www/wp-content/plugins/ExtendedTaxos/extended-taxos.php on line 576
[04-Mar-2014 12:51:14 UTC] PHP Notice:  Undefined property: Extended_Taxonomy_Admin::$tax_plural in /var/www/wp.ourhousing.dev/www/wp-content/plugins/ExtendedTaxos/extended-taxos.php on line 576
[04-Mar-2014 12:51:14 UTC] PHP Notice:  Undefined property: Extended_Taxonomy_Admin::$tax_plural in /var/www/wp.ourhousing.dev/www/wp-content/plugins/ExtendedTaxos/extended-taxos.php on line 576
[04-Mar-2014 12:51:14 UTC] PHP Notice:  Undefined property: Extended_Taxonomy_Admin::$tax_plural in /var/www/wp.ourhousing.dev/www/wp-content/plugins/ExtendedTaxos/extended-taxos.php on line 576
[04-Mar-2014 12:51:14 UTC] PHP Notice:  Undefined property: Extended_Taxonomy_Admin::$tax_plural in /var/www/wp.ourhousing.dev/www/wp-content/plugins/ExtendedTaxos/extended-taxos.php on line 576
[04-Mar-2014 12:51:14 UTC] PHP Notice:  Undefined property: Extended_Taxonomy_Admin::$tax_plural in /var/www/wp.ourhousing.dev/www/wp-content/plugins/ExtendedTaxos/extended-taxos.php on line 576
[04-Mar-2014 12:51:14 UTC] PHP Notice:  Undefined property: Extended_Taxonomy_Admin::$tax_plural in /var/www/wp.ourhousing.dev/www/wp-content/plugins/ExtendedTaxos/extended-taxos.php on line 576
[04-Mar-2014 12:51:14 UTC] PHP Notice:  Undefined property: Extended_Taxonomy_Admin::$tax_plural in /var/www/wp.ourhousing.dev/www/wp-content/plugins/ExtendedTaxos/extended-taxos.php on line 576
[04-Mar-2014 12:51:14 UTC] PHP Notice:  Undefined property: Extended_Taxonomy_Admin::$tax_plural in /var/www/wp.ourhousing.dev/www/wp-content/plugins/ExtendedTaxos/extended-taxos.php on line 576
[04-Mar-2014 16:39:20 UTC] PHP Notice:  Undefined variable: options in /var/www/wp.ourhousing.dev/www/wp-content/themes/ourhousing/page.php on line 25
[04-Mar-2014 16:39:20 UTC] PHP Warning:  array_merge(): Argument #2 is not an array in /var/www/wp.ourhousing.dev/www/wp-content/plugins/advanced-custom-fields/core/api.php on line 1168
[04-Mar-2014 16:39:20 UTC] PHP Warning:  Invalid argument supplied for foreach() in /var/www/wp.ourhousing.dev/www/wp-content/plugins/advanced-custom-fields/core/api.php on line 1172
[04-Mar-2014 16:39:20 UTC] PHP Notice:  Undefined index: form_attributes in /var/www/wp.ourhousing.dev/www/wp-content/plugins/advanced-custom-fields/core/api.php on line 1186
[04-Mar-2014 16:39:20 UTC] PHP Notice:  Undefined index: class in /var/www/wp.ourhousing.dev/www/wp-content/plugins/advanced-custom-fields/core/api.php on line 1186
[04-Mar-2014 16:39:20 UTC] PHP Notice:  Undefined index: form in /var/www/wp.ourhousing.dev/www/wp-content/plugins/advanced-custom-fields/core/api.php on line 1228
[04-Mar-2014 16:39:20 UTC] PHP Notice:  Undefined index: return in /var/www/wp.ourhousing.dev/www/wp-content/plugins/advanced-custom-fields/core/api.php on line 1238
[04-Mar-2014 16:39:20 UTC] PHP Notice:  Undefined index: html_before_fields in /var/www/wp.ourhousing.dev/www/wp-content/plugins/advanced-custom-fields/core/api.php on line 1246
[04-Mar-2014 16:39:20 UTC] PHP Notice:  Undefined index: html_after_fields in /var/www/wp.ourhousing.dev/www/wp-content/plugins/advanced-custom-fields/core/api.php on line 1280
[04-Mar-2014 16:39:20 UTC] PHP Notice:  Undefined index: form in /var/www/wp.ourhousing.dev/www/wp-content/plugins/advanced-custom-fields/core/api.php on line 1284
[04-Mar-2014 16:39:20 UTC] PHP Notice:  Undefined index: form in /var/www/wp.ourhousing.dev/www/wp-content/plugins/advanced-custom-fields/core/api.php on line 1294
[04-Mar-2014 16:41:07 UTC] PHP Parse error:  syntax error, unexpected T_WHILE in /var/www/wp.ourhousing.dev/www/wp-content/themes/ourhousing/page.php on line 24
[04-Mar-2014 18:29:36 UTC] PHP Parse error:  syntax error, unexpected '}' in /var/www/wp.ourhousing.dev/www/wp-content/plugins/storyteller/storyteller.php on line 39
[04-Mar-2014 18:31:36 UTC] PHP Parse error:  syntax error, unexpected ';' in /var/www/wp.ourhousing.dev/www/wp-content/plugins/storyteller/storyteller.php on line 36
[04-Mar-2014 18:33:36 UTC] PHP Parse error:  syntax error, unexpected ';' in /var/www/wp.ourhousing.dev/www/wp-content/plugins/storyteller/storyteller.php on line 36
[04-Mar-2014 18:35:36 UTC] PHP Parse error:  syntax error, unexpected '}' in /var/www/wp.ourhousing.dev/www/wp-content/plugins/storyteller/storyteller.php on line 42
[04-Mar-2014 18:37:36 UTC] PHP Parse error:  syntax error, unexpected '}' in /var/www/wp.ourhousing.dev/www/wp-content/plugins/storyteller/storyteller.php on line 43
[04-Mar-2014 18:39:36 UTC] PHP Parse error:  syntax error, unexpected '}' in /var/www/wp.ourhousing.dev/www/wp-content/plugins/storyteller/storyteller.php on line 43
[04-Mar-2014 18:41:36 UTC] PHP Parse error:  syntax error, unexpected ')' in /var/www/wp.ourhousing.dev/www/wp-content/plugins/storyteller/storyteller.php on line 45
[04-Mar-2014 18:42:20 UTC] PHP Notice:  Undefined property: StoryTeller::$bot_email in /var/www/wp.ourhousing.dev/www/wp-content/plugins/storyteller/storyteller.php on line 37
[04-Mar-2014 18:42:20 UTC] PHP Notice:  Undefined property: StoryTeller::$bot_email in /var/www/wp.ourhousing.dev/www/wp-content/plugins/storyteller/storyteller.php on line 40
[04-Mar-2014 18:42:20 UTC] PHP Fatal error:  Call to undefined function get_user_by() in /var/www/wp.ourhousing.dev/www/wp/wp-includes/user.php on line 1237
[04-Mar-2014 18:42:22 UTC] PHP Notice:  Undefined property: StoryTeller::$bot_email in /var/www/wp.ourhousing.dev/www/wp-content/plugins/storyteller/storyteller.php on line 37
[04-Mar-2014 18:42:22 UTC] PHP Notice:  Undefined property: StoryTeller::$bot_email in /var/www/wp.ourhousing.dev/www/wp-content/plugins/storyteller/storyteller.php on line 40
[04-Mar-2014 18:42:22 UTC] PHP Fatal error:  Call to undefined function get_user_by() in /var/www/wp.ourhousing.dev/www/wp/wp-includes/user.php on line 1237
[04-Mar-2014 18:42:46 UTC] PHP Fatal error:  Call to undefined function get_user_by() in /var/www/wp.ourhousing.dev/www/wp/wp-includes/user.php on line 1237
[04-Mar-2014 18:49:18 UTC] PHP Warning:  mysql_real_escape_string() expects parameter 1 to be string, object given in /var/www/wp.ourhousing.dev/www/wp/wp-includes/wp-db.php on line 880
[04-Mar-2014 18:49:34 UTC] PHP Warning:  mysql_real_escape_string() expects parameter 1 to be string, object given in /var/www/wp.ourhousing.dev/www/wp/wp-includes/wp-db.php on line 880
[04-Mar-2014 18:50:07 UTC] PHP Warning:  mysql_real_escape_string() expects parameter 1 to be string, object given in /var/www/wp.ourhousing.dev/www/wp/wp-includes/wp-db.php on line 880
[04-Mar-2014 18:56:59 UTC] PHP Warning:  mysql_real_escape_string() expects parameter 1 to be string, object given in /var/www/wp.ourhousing.dev/www/wp/wp-includes/wp-db.php on line 880
